This is pdfTeX, Version 3.141592653-2.6-1.40.24 (MiKTeX 23.1) (preloaded format=pdflatex 2023.2.16)  16 NOV 2023 11:24
entering extended mode
 restricted \write18 enabled.
 %&-line parsing enabled.
**./alertsManuscript_AU8.tex
(alertsManuscript_AU8.tex
LaTeX2e <2022-11-01> patch level 1
L3 programming layer <2023-02-02> (C:\MiKTeX\tex/latex/base\article.cls
Document Class: article 2022/07/02 v1.4n Standard LaTeX document class
(C:\MiKTeX\tex/latex/base\size12.clo
File: size12.clo 2022/07/02 v1.4n Standard LaTeX file (size option)
)
\c@part=\count185
\c@section=\count186
\c@subsection=\count187
\c@subsubsection=\count188
\c@paragraph=\count189
\c@subparagraph=\count190
\c@figure=\count191
\c@table=\count192
\abovecaptionskip=\skip48
\belowcaptionskip=\skip49
\bibindent=\dimen140
) (C:\MiKTeX\tex/latex/amsmath\amsmath.sty
Package: amsmath 2022/04/08 v2.17n AMS math features
\@mathmargin=\skip50
For additional information on amsmath, use the `?' option.
(C:\MiKTeX\tex/latex/amsmath\amstext.sty
Package: amstext 2021/08/26 v2.01 AMS text

(C:\MiKTeX\tex/latex/amsmath\amsgen.sty
File: amsgen.sty 1999/11/30 v2.0 generic functions
\@emptytoks=\toks16
\ex@=\dimen141
))
(C:\MiKTeX\tex/latex/amsmath\amsbsy.sty
Package: amsbsy 1999/11/29 v1.2d Bold Symbols
\pmbraise@=\dimen142
)
(C:\MiKTeX\tex/latex/amsmath\amsopn.sty
Package: amsopn 2022/04/08 v2.04 operator names
)
\inf@bad=\count193
LaTeX Info: Redefining \frac on input line 234.
\uproot@=\count194
\leftroot@=\count195
LaTeX Info: Redefining \overline on input line 399.
LaTeX Info: Redefining \colon on input line 410.
\classnum@=\count196
\DOTSCASE@=\count197
LaTeX Info: Redefining \ldots on input line 496.
LaTeX Info: Redefining \dots on input line 499.
LaTeX Info: Redefining \cdots on input line 620.
\Mathstrutbox@=\box51
\strutbox@=\box52
LaTeX Info: Redefining \big on input line 722.
LaTeX Info: Redefining \Big on input line 723.
LaTeX Info: Redefining \bigg on input line 724.
LaTeX Info: Redefining \Bigg on input line 725.
\big@size=\dimen143
LaTeX Font Info:    Redeclaring font encoding OML on input line 743.
LaTeX Font Info:    Redeclaring font encoding OMS on input line 744.
\macc@depth=\count198
LaTeX Info: Redefining \bmod on input line 905.
LaTeX Info: Redefining \pmod on input line 910.
LaTeX Info: Redefining \smash on input line 940.
LaTeX Info: Redefining \relbar on input line 970.
LaTeX Info: Redefining \Relbar on input line 971.
\c@MaxMatrixCols=\count199
\dotsspace@=\muskip16
\c@parentequation=\count266
\dspbrk@lvl=\count267
\tag@help=\toks17
\row@=\count268
\column@=\count269
\maxfields@=\count270
\andhelp@=\toks18
\eqnshift@=\dimen144
\alignsep@=\dimen145
\tagshift@=\dimen146
\tagwidth@=\dimen147
\totwidth@=\dimen148
\lineht@=\dimen149
\@envbody=\toks19
\multlinegap=\skip51
\multlinetaggap=\skip52
\mathdisplay@stack=\toks20
LaTeX Info: Redefining \[ on input line 2953.
LaTeX Info: Redefining \] on input line 2954.
)
(C:\MiKTeX\tex/latex/amscls\amsthm.sty
Package: amsthm 2020/05/29 v2.20.6
\thm@style=\toks21
\thm@bodyfont=\toks22
\thm@headfont=\toks23
\thm@notefont=\toks24
\thm@headpunct=\toks25
\thm@preskip=\skip53
\thm@postskip=\skip54
\thm@headsep=\skip55
\dth@everypar=\toks26
)
(C:\MiKTeX\tex/latex/geometry\geometry.sty
Package: geometry 2020/01/02 v5.9 Page Geometry

(C:\MiKTeX\tex/latex/graphics\keyval.sty
Package: keyval 2022/05/29 v1.15 key=value parser (DPC)
\KV@toks@=\toks27
)
(C:\MiKTeX\tex/generic/iftex\ifvtex.sty
Package: ifvtex 2019/10/25 v1.7 ifvtex legacy package. Use iftex instead.
 (C:\MiKTeX\tex/generic/iftex\iftex.sty
Package: iftex 2022/02/03 v1.0f TeX engine tests
))
\Gm@cnth=\count271
\Gm@cntv=\count272
\c@Gm@tempcnt=\count273
\Gm@bindingoffset=\dimen150
\Gm@wd@mp=\dimen151
\Gm@odd@mp=\dimen152
\Gm@even@mp=\dimen153
\Gm@layoutwidth=\dimen154
\Gm@layoutheight=\dimen155
\Gm@layouthoffset=\dimen156
\Gm@layoutvoffset=\dimen157
\Gm@dimlist=\toks28
 (C:\MiKTeX\tex/latex/geometry\geometry.cfg))
(C:\MiKTeX\tex/latex/titlesec\titlesec.sty
Package: titlesec 2021/07/05 v2.14 Sectioning titles
\ttl@box=\box53
\beforetitleunit=\skip56
\aftertitleunit=\skip57
\ttl@plus=\dimen158
\ttl@minus=\dimen159
\ttl@toksa=\toks29
\titlewidth=\dimen160
\titlewidthlast=\dimen161
\titlewidthfirst=\dimen162
)

Package geometry Warning: Over-specification in `h'-direction.
    `width' (483.69684pt) is ignored.


Package geometry Warning: Over-specification in `v'-direction.
    `height' (731.23582pt) is ignored.

(C:\MiKTeX\tex/latex/sectsty\sectsty.sty
Package: sectsty 2002/02/25 v2.0.2 Commands to change all sectional heading sty
les


LaTeX Warning: Command \underbar  has changed.
               Check if current package is valid.


LaTeX Warning: Command \underline  has changed.
               Check if current package is valid.

) (C:\MiKTeX\tex/latex/natbib\natbib.sty
Package: natbib 2010/09/13 8.31b (PWD, AO)
\bibhang=\skip58
\bibsep=\skip59
LaTeX Info: Redefining \cite on input line 694.
\c@NAT@ctr=\count274
)
(C:\MiKTeX\tex/latex/hyperref\hyperref.sty
Package: hyperref 2022-11-13 v7.00u Hypertext links for LaTeX

(C:\MiKTeX\tex/generic/ltxcmds\ltxcmds.sty
Package: ltxcmds 2020-05-10 v1.25 LaTeX kernel commands for general use (HO)
)
(C:\MiKTeX\tex/generic/pdftexcmds\pdftexcmds.sty
Package: pdftexcmds 2020-06-27 v0.33 Utility functions of pdfTeX for LuaTeX (HO
)

(C:\MiKTeX\tex/generic/infwarerr\infwarerr.sty
Package: infwarerr 2019/12/03 v1.5 Providing info/warning/error messages (HO)
)
Package pdftexcmds Info: \pdf@primitive is available.
Package pdftexcmds Info: \pdf@ifprimitive is available.
Package pdftexcmds Info: \pdfdraftmode found.
)
(C:\MiKTeX\tex/latex/kvsetkeys\kvsetkeys.sty
Package: kvsetkeys 2022-10-05 v1.19 Key value parser (HO)
)
(C:\MiKTeX\tex/generic/kvdefinekeys\kvdefinekeys.sty
Package: kvdefinekeys 2019-12-19 v1.6 Define keys (HO)
)
(C:\MiKTeX\tex/generic/pdfescape\pdfescape.sty
Package: pdfescape 2019/12/09 v1.15 Implements pdfTeX's escape features (HO)
)
(C:\MiKTeX\tex/latex/hycolor\hycolor.sty
Package: hycolor 2020-01-27 v1.10 Color options for hyperref/bookmark (HO)
)
(C:\MiKTeX\tex/latex/letltxmacro\letltxmacro.sty
Package: letltxmacro 2019/12/03 v1.6 Let assignment for LaTeX macros (HO)
)
(C:\MiKTeX\tex/latex/auxhook\auxhook.sty
Package: auxhook 2019-12-17 v1.6 Hooks for auxiliary files (HO)
)
(C:\MiKTeX\tex/latex/hyperref\nameref.sty
Package: nameref 2022-05-17 v2.50 Cross-referencing by name of section

(C:\MiKTeX\tex/latex/refcount\refcount.sty
Package: refcount 2019/12/15 v3.6 Data extraction from label references (HO)
)
(C:\MiKTeX\tex/generic/gettitlestring\gettitlestring.sty
Package: gettitlestring 2019/12/15 v1.6 Cleanup title references (HO)

(C:\MiKTeX\tex/latex/kvoptions\kvoptions.sty
Package: kvoptions 2022-06-15 v3.15 Key value format for package options (HO)
))
\c@section@level=\count275
)
\@linkdim=\dimen163
\Hy@linkcounter=\count276
\Hy@pagecounter=\count277

(C:\MiKTeX\tex/latex/hyperref\pd1enc.def
File: pd1enc.def 2022-11-13 v7.00u Hyperref: PDFDocEncoding definition (HO)
Now handling font encoding PD1 ...
... no UTF-8 mapping file for font encoding PD1
)
(C:\MiKTeX\tex/generic/intcalc\intcalc.sty
Package: intcalc 2019/12/15 v1.3 Expandable calculations with integers (HO)
)
(C:\MiKTeX\tex/generic/etexcmds\etexcmds.sty
Package: etexcmds 2019/12/15 v1.7 Avoid name clashes with e-TeX commands (HO)
)
\Hy@SavedSpaceFactor=\count278

(C:\MiKTeX\tex/latex/hyperref\puenc.def
File: puenc.def 2022-11-13 v7.00u Hyperref: PDF Unicode definition (HO)
Now handling font encoding PU ...
... no UTF-8 mapping file for font encoding PU
)
Package hyperref Info: Hyper figures OFF on input line 4162.
Package hyperref Info: Link nesting OFF on input line 4167.
Package hyperref Info: Hyper index ON on input line 4170.
Package hyperref Info: Plain pages OFF on input line 4177.
Package hyperref Info: Backreferencing OFF on input line 4182.
Package hyperref Info: Implicit mode ON; LaTeX internals redefined.
Package hyperref Info: Bookmarks ON on input line 4410.
\c@Hy@tempcnt=\count279
 (C:\MiKTeX\tex/latex/url\url.sty
\Urlmuskip=\muskip17
Package: url 2013/09/16  ver 3.4  Verb mode for urls, etc.
)
LaTeX Info: Redefining \url on input line 4748.
\XeTeXLinkMargin=\dimen164

(C:\MiKTeX\tex/generic/bitset\bitset.sty
Package: bitset 2019/12/09 v1.3 Handle bit-vector datatype (HO)

(C:\MiKTeX\tex/generic/bigintcalc\bigintcalc.sty
Package: bigintcalc 2019/12/15 v1.5 Expandable calculations on big integers (HO
)
))
\Fld@menulength=\count280
\Field@Width=\dimen165
\Fld@charsize=\dimen166
Package hyperref Info: Hyper figures OFF on input line 6027.
Package hyperref Info: Link nesting OFF on input line 6032.
Package hyperref Info: Hyper index ON on input line 6035.
Package hyperref Info: backreferencing OFF on input line 6042.
Package hyperref Info: Link coloring OFF on input line 6047.
Package hyperref Info: Link coloring with OCG OFF on input line 6052.
Package hyperref Info: PDF/A mode OFF on input line 6057.

(C:\MiKTeX\tex/latex/base\atbegshi-ltx.sty
Package: atbegshi-ltx 2021/01/10 v1.0c Emulation of the original atbegshi
package with kernel methods
)
\Hy@abspage=\count281
\c@Item=\count282
\c@Hfootnote=\count283
)
Package hyperref Info: Driver (autodetected): hpdftex.

(C:\MiKTeX\tex/latex/hyperref\hpdftex.def
File: hpdftex.def 2022-11-13 v7.00u Hyperref driver for pdfTeX

(C:\MiKTeX\tex/latex/base\atveryend-ltx.sty
Package: atveryend-ltx 2020/08/19 v1.0a Emulation of the original atveryend pac
kage
with kernel methods
)
\Fld@listcount=\count284
\c@bookmark@seq@number=\count285

(C:\MiKTeX\tex/latex/rerunfilecheck\rerunfilecheck.sty
Package: rerunfilecheck 2022-07-10 v1.10 Rerun checks for auxiliary files (HO)

(C:\MiKTeX\tex/generic/uniquecounter\uniquecounter.sty
Package: uniquecounter 2019/12/15 v1.4 Provide unlimited unique counter (HO)
)
Package uniquecounter Info: New unique counter `rerunfilecheck' on input line 2
85.
)
\Hy@SectionHShift=\skip60
)
(C:\MiKTeX\tex/latex/multirow\multirow.sty
Package: multirow 2021/03/15 v2.8 Span multiple rows of a table
\multirow@colwidth=\skip61
\multirow@cntb=\count286
\multirow@dima=\skip62
\bigstrutjot=\dimen167
)
(C:\MiKTeX\tex/latex/makecell\makecell.sty
Package: makecell 2009/08/03 V0.1e Managing of Tab Column Heads and Cells
 (C:\MiKTeX\tex/latex/tools\array.sty
Package: array 2022/03/10 v2.5f Tabular extension package (FMi)
\col@sep=\dimen168
\ar@mcellbox=\box54
\extrarowheight=\dimen169
\NC@list=\toks30
\extratabsurround=\skip63
\backup@length=\skip64
\ar@cellbox=\box55
)
\rotheadsize=\dimen170
\c@nlinenum=\count287
\TeXr@lab=\toks31
) (C:\MiKTeX\tex/latex/adjustbox\adjustbox.sty
Package: adjustbox 2022/10/17 v1.3a Adjusting TeX boxes (trim, clip, ...)

(C:\MiKTeX\tex/latex/xkeyval\xkeyval.sty
Package: xkeyval 2022/06/16 v2.9 package option processing (HA)

(C:\MiKTeX\tex/generic/xkeyval\xkeyval.tex
(C:\MiKTeX\tex/generic/xkeyval\xkvutils.tex
\XKV@toks=\toks32
\XKV@tempa@toks=\toks33
)
\XKV@depth=\count288
File: xkeyval.tex 2014/12/03 v2.7a key=value parser (HA)
))
(C:\MiKTeX\tex/latex/adjustbox\adjcalc.sty
Package: adjcalc 2012/05/16 v1.1 Provides advanced setlength with multiple back
-ends (calc, etex, pgfmath)
)
(C:\MiKTeX\tex/latex/adjustbox\trimclip.sty
Package: trimclip 2020/08/19 v1.2 Trim and clip general TeX material

(C:\MiKTeX\tex/latex/graphics\graphicx.sty
Package: graphicx 2021/09/16 v1.2d Enhanced LaTeX Graphics (DPC,SPQR)

(C:\MiKTeX\tex/latex/graphics\graphics.sty
Package: graphics 2022/03/10 v1.4e Standard LaTeX Graphics (DPC,SPQR)

(C:\MiKTeX\tex/latex/graphics\trig.sty
Package: trig 2021/08/11 v1.11 sin cos tan (DPC)
)
(C:\MiKTeX\tex/latex/graphics-cfg\graphics.cfg
File: graphics.cfg 2016/06/04 v1.11 sample graphics configuration
)
Package graphics Info: Driver file: pdftex.def on input line 107.

(C:\MiKTeX\tex/latex/graphics-def\pdftex.def
File: pdftex.def 2022/09/22 v1.2b Graphics/color driver for pdftex
))
\Gin@req@height=\dimen171
\Gin@req@width=\dimen172
)
(C:\MiKTeX\tex/latex/collectbox\collectbox.sty
Package: collectbox 2022/10/17 v0.4c Collect macro arguments as boxes
\collectedbox=\box56
)
\tc@llx=\dimen173
\tc@lly=\dimen174
\tc@urx=\dimen175
\tc@ury=\dimen176
Package trimclip Info: Using driver 'tc-pdftex.def'.

(C:\MiKTeX\tex/latex/adjustbox\tc-pdftex.def
File: tc-pdftex.def 2019/01/04 v2.2 Clipping driver for pdftex
))
\adjbox@Width=\dimen177
\adjbox@Height=\dimen178
\adjbox@Depth=\dimen179
\adjbox@Totalheight=\dimen180
\adjbox@pwidth=\dimen181
\adjbox@pheight=\dimen182
\adjbox@pdepth=\dimen183
\adjbox@ptotalheight=\dimen184

(C:\MiKTeX\tex/latex/ifoddpage\ifoddpage.sty
Package: ifoddpage 2022/10/18 v1.2 Conditionals for odd/even page detection
\c@checkoddpage=\count289
)
(C:\MiKTeX\tex/latex/varwidth\varwidth.sty
Package: varwidth 2009/03/30 ver 0.92;  Variable-width minipages
\@vwid@box=\box57
\sift@deathcycles=\count290
\@vwid@loff=\dimen185
\@vwid@roff=\dimen186
))
(C:\MiKTeX\tex/latex/threeparttable\threeparttable.sty
Package: threeparttable 2003/06/13  v 3.0
\@tempboxb=\box58
)
(C:\MiKTeX\tex/latex/caption\caption.sty
Package: caption 2022/03/01 v3.6b Customizing captions (AR)

(C:\MiKTeX\tex/latex/caption\caption3.sty
Package: caption3 2022/03/17 v2.3b caption3 kernel (AR)
\caption@tempdima=\dimen187
\captionmargin=\dimen188
\caption@leftmargin=\dimen189
\caption@rightmargin=\dimen190
\caption@width=\dimen191
\caption@indent=\dimen192
\caption@parindent=\dimen193
\caption@hangindent=\dimen194
Package caption Info: Standard document class detected.
)
\c@caption@flags=\count291
\c@continuedfloat=\count292
Package caption Info: hyperref package is loaded.
Package caption Info: threeparttable package is loaded.
)
(C:\MiKTeX\tex/latex/xcolor\xcolor.sty
Package: xcolor 2022/06/12 v2.14 LaTeX color extensions (UK)

(C:\MiKTeX\tex/latex/graphics-cfg\color.cfg
File: color.cfg 2016/01/02 v1.6 sample color configuration
)
Package xcolor Info: Driver file: pdftex.def on input line 227.

(C:\MiKTeX\tex/latex/graphics\mathcolor.ltx)
Package xcolor Info: Model `cmy' substituted by `cmy0' on input line 1353.
Package xcolor Info: Model `hsb' substituted by `rgb' on input line 1357.
Package xcolor Info: Model `RGB' extended on input line 1369.
Package xcolor Info: Model `HTML' substituted by `rgb' on input line 1371.
Package xcolor Info: Model `Hsb' substituted by `hsb' on input line 1372.
Package xcolor Info: Model `tHsb' substituted by `hsb' on input line 1373.
Package xcolor Info: Model `HSB' substituted by `hsb' on input line 1374.
Package xcolor Info: Model `Gray' substituted by `gray' on input line 1375.
Package xcolor Info: Model `wave' substituted by `hsb' on input line 1376.

(C:\MiKTeX\tex/latex/graphics\dvipsnam.def
File: dvipsnam.def 2016/06/17 v3.0m Driver-dependent file (DPC,SPQR)
))
(C:\MiKTeX\tex/latex/booktabs\booktabs.sty
Package: booktabs 2020/01/12 v1.61803398 Publication quality tables
\heavyrulewidth=\dimen195
\lightrulewidth=\dimen196
\cmidrulewidth=\dimen197
\belowrulesep=\dimen198
\belowbottomsep=\dimen199
\aboverulesep=\dimen256
\abovetopsep=\dimen257
\cmidrulesep=\dimen258
\cmidrulekern=\dimen259
\defaultaddspace=\dimen260
\@cmidla=\count293
\@cmidlb=\count294
\@aboverulesep=\dimen261
\@belowrulesep=\dimen262
\@thisruleclass=\count295
\@lastruleclass=\count296
\@thisrulewidth=\dimen263
)
(C:\MiKTeX\tex/latex/float\float.sty
Package: float 2001/11/08 v1.3d Float enhancements (AL)
\c@float@type=\count297
\float@exts=\toks34
\float@box=\box59
\@float@everytoks=\toks35
\@floatcapt=\box60
)
(C:\MiKTeX\tex/latex/setspace\setspace.sty
Package: setspace 2022/12/04 v6.7b set line spacing
)
(C:\MiKTeX\tex/latex/placeins\placeins.sty
Package: placeins 2005/04/18  v 2.2
)
(C:\MiKTeX\tex/latex/caption\subcaption.sty
Package: subcaption 2022/01/07 v1.5 Sub-captions (AR)
\c@subfigure=\count298
\c@subtable=\count299
)
\c@theorem=\count300
\c@hypothesis=\count301
\c@result=\count302

(C:\MiKTeX\tex/latex/l3backend\l3backend-pdftex.def
File: l3backend-pdftex.def 2023-01-16 L3 backend support: PDF output (pdfTeX)
\l__color_backend_stack_int=\count303
\l__pdf_internal_box=\box61
) (alertsManuscript_AU8.aux)
\openout1 = `alertsManuscript_AU8.aux'.

LaTeX Font Info:    Checking defaults for OML/cmm/m/it on input line 76.
LaTeX Font Info:    ... okay on input line 76.
LaTeX Font Info:    Checking defaults for OMS/cmsy/m/n on input line 76.
LaTeX Font Info:    ... okay on input line 76.
LaTeX Font Info:    Checking defaults for OT1/cmr/m/n on input line 76.
LaTeX Font Info:    ... okay on input line 76.
LaTeX Font Info:    Checking defaults for T1/cmr/m/n on input line 76.
LaTeX Font Info:    ... okay on input line 76.
LaTeX Font Info:    Checking defaults for TS1/cmr/m/n on input line 76.
LaTeX Font Info:    ... okay on input line 76.
LaTeX Font Info:    Checking defaults for OMX/cmex/m/n on input line 76.
LaTeX Font Info:    ... okay on input line 76.
LaTeX Font Info:    Checking defaults for U/cmr/m/n on input line 76.
LaTeX Font Info:    ... okay on input line 76.
LaTeX Font Info:    Checking defaults for PD1/pdf/m/n on input line 76.
LaTeX Font Info:    ... okay on input line 76.
LaTeX Font Info:    Checking defaults for PU/pdf/m/n on input line 76.
LaTeX Font Info:    ... okay on input line 76.
*geometry* driver: auto-detecting
*geometry* detected driver: pdftex
*geometry* verbose mode - [ preamble ] result:
* driver: pdftex
* paper: a4paper
* layout: <same size as paper>
* layoutoffset:(h,v)=(0.0pt,0.0pt)
* modes: 
* h-part:(L,W,R)=(56.9055pt, 483.69687pt, 56.9055pt)
* v-part:(T,H,B)=(71.13188pt, 702.78308pt, 71.13188pt)
* \paperwidth=597.50787pt
* \paperheight=845.04684pt
* \textwidth=483.69687pt
* \textheight=702.78308pt
* \oddsidemargin=-15.36449pt
* \evensidemargin=-15.36449pt
* \topmargin=-38.1381pt
* \headheight=12.0pt
* \headsep=25.0pt
* \topskip=12.0pt
* \footskip=30.0pt
* \marginparwidth=35.0pt
* \marginparsep=10.0pt
* \columnsep=10.0pt
* \skip\footins=10.8pt plus 4.0pt minus 2.0pt
* \hoffset=0.0pt
* \voffset=0.0pt
* \mag=1000
* \@twocolumnfalse
* \@twosidefalse
* \@mparswitchfalse
* \@reversemarginfalse
* (1in=72.27pt=25.4mm, 1cm=28.453pt)

Package hyperref Info: Link coloring OFF on input line 76.
(alertsManuscript_AU8.out) (alertsManuscript_AU8.out)
\@outlinefile=\write3
\openout3 = `alertsManuscript_AU8.out'.


(C:\MiKTeX\tex/context/base/mkii\supp-pdf.mkii
[Loading MPS to PDF converter (version 2006.09.02).]
\scratchcounter=\count304
\scratchdimen=\dimen264
\scratchbox=\box62
\nofMPsegments=\count305
\nofMParguments=\count306
\everyMPshowfont=\toks36
\MPscratchCnt=\count307
\MPscratchDim=\dimen265
\MPnumerator=\count308
\makeMPintoPDFobject=\count309
\everyMPtoPDFconversion=\toks37
) (C:\MiKTeX\tex/latex/epstopdf-pkg\epstopdf-base.sty
Package: epstopdf-base 2020-01-24 v2.11 Base part for package epstopdf
Package epstopdf-base Info: Redefining graphics rule for `.eps' on input line 4
85.

(C:\MiKTeX\tex/latex/00miktex\epstopdf-sys.cfg
File: epstopdf-sys.cfg 2021/03/18 v2.0 Configuration of epstopdf for MiKTeX
))
Package caption Info: Begin \AtBeginDocument code.
Package caption Info: float package is loaded.
Package caption Info: End \AtBeginDocument code.
 [1

{C:/Users/aluga/AppData/Local/MiKTeX/fonts/map/pdftex/pdftex.map}]

Package natbib Warning: Citation `xu_revealed_2020' on page 2 undefined on inpu
t line 101.


Package natbib Warning: Citation `hoffman_how_2016' on page 2 undefined on inpu
t line 103.


Package natbib Warning: Citation `ambuehl_belief_2018' on page 2 undefined on i
nput line 103.


Package natbib Warning: Citation `xu_revealed_2020' on page 2 undefined on inpu
t line 103.

[2]

Package natbib Warning: Citation `ambuehl_belief_2018' on page 3 undefined on i
nput line 105.


Package natbib Warning: Citation `xu_revealed_2020' on page 3 undefined on inpu
t line 105.


Package natbib Warning: Citation `ambuehl_belief_2018' on page 3 undefined on i
nput line 105.


Package natbib Warning: Citation `xu_revealed_2020' on page 3 undefined on inpu
t line 105.


Package natbib Warning: Citation `eliaz_paying_2010' on page 3 undefined on inp
ut line 107.


Package natbib Warning: Citation `masatlioglu_intrinsic_2017' on page 3 undefin
ed on input line 107.


Package natbib Warning: Citation `eil_good_2011' on page 3 undefined on input l
ine 109.


Package natbib Warning: Citation `coutts_good_2019' on page 3 undefined on inpu
t line 109.


Package natbib Warning: Citation `bornstein_rationality_2001' on page 3 undefin
ed on input line 111.


Package natbib Warning: Citation `gigerenzer_helping_2007' on page 3 undefined 
on input line 111.

[3]

Package natbib Warning: Citation `liang_acceptability_2003' on page 4 undefined
 on input line 113.


Package natbib Warning: Citation `howard_does_2009' on page 4 undefined on inpu
t line 113.


Package natbib Warning: Citation `neumann_willingness--pay_2012' on page 4 unde
fined on input line 113.


Package natbib Warning: Citation `schwartz_enthusiasm_2004' on page 4 undefined
 on input line 113.


Package natbib Warning: Citation `neumann_willingness--pay_2012' on page 4 unde
fined on input line 113.


Package natbib Warning: Citation `schwartz_enthusiasm_2004' on page 4 undefined
 on input line 113.


Package natbib Warning: Citation `howard_does_2009' on page 4 undefined on inpu
t line 113.


Package natbib Warning: Citation `laury_insurance_2009' on page 4 undefined on 
input line 115.


Package natbib Warning: Citation `volkman-wise_representativeness_2015' on page
 4 undefined on input line 115.


Package natbib Warning: Citation `hammerton_case_1973' on page 4 undefined on i
nput line 117.


Package natbib Warning: Citation `kahneman_psychology_1973' on page 4 undefined
 on input line 117.


Package natbib Warning: Citation `grether_testing_1992' on page 4 undefined on 
input line 117.


Package natbib Warning: Citation `holt_update_2009' on page 4 undefined on inpu
t line 117.

[4]

Package amsmath Warning: Foreign command \over;
(amsmath)                \frac or \genfrac should be used instead
(amsmath)                 on input line 128.

[5] [6] [7]

Package natbib Warning: Citation `coutts_good_2019' on page 8 undefined on inpu
t line 243.


Package natbib Warning: Citation `grether_testing_1992' on page 8 undefined on 
input line 252.


Package natbib Warning: Citation `holt_update_2009' on page 8 undefined on inpu
t line 252.


Package natbib Warning: Citation `karni_mechanism_2009-1' on page 8 undefined o
n input line 252.

[8] (Tables/table_treatments.tex) [9]

LaTeX Font Warning: Font shape `OT1/cmr/bx/n' in size <13> not available
(Font)              size <12> substituted on input line 277.

<Graphs/blind_prot_sta.png, id=159, 1003.75pt x 1003.75pt>
File: Graphs/blind_prot_sta.png Graphic file (type png)
<use Graphs/blind_prot_sta.png>
Package pdftex.def Info: Graphs/blind_prot_sta.png  used on input line 298.
(pdftex.def)             Requested size: 217.66211pt x 217.65527pt.
Package hyperref Info: bookmark level for unknown subfigure defaults to 0 on in
put line 299.
<Graphs/ip_response.png, id=160, 1003.75pt x 1003.75pt>
File: Graphs/ip_response.png Graphic file (type png)
<use Graphs/ip_response.png>
Package pdftex.def Info: Graphs/ip_response.png  used on input line 302.
(pdftex.def)             Requested size: 217.66211pt x 217.65527pt.
[10] [11 <./Graphs/blind_prot_sta.png (PNG copy)> <./Graphs/ip_response.png (PN
G copy)>]
Overfull \hbox (2.19304pt too wide) in paragraph at lines 331--331
 []|\OT1/cmr/bx/n/12 Posterior| 
 []

(Tables/bigpicture_IP_AU.tex)
<Graphs/hist_belief_error_s3.png, id=177, 1204.5pt x 803.0pt>
File: Graphs/hist_belief_error_s3.png Graphic file (type png)
<use Graphs/hist_belief_error_s3.png>
Package pdftex.def Info: Graphs/hist_belief_error_s3.png  used on input line 36
4.
(pdftex.def)             Requested size: 232.17242pt x 154.77708pt.
<Graphs/updating_s3.png, id=178, 1204.5pt x 803.0pt>
File: Graphs/updating_s3.png Graphic file (type png)
<use Graphs/updating_s3.png>
Package pdftex.def Info: Graphs/updating_s3.png  used on input line 366.
(pdftex.def)             Requested size: 232.17242pt x 154.77708pt.
<Graphs/hist_belief_error_s5.png, id=179, 1204.5pt x 803.0pt>
File: Graphs/hist_belief_error_s5.png Graphic file (type png)
<use Graphs/hist_belief_error_s5.png>
Package pdftex.def Info: Graphs/hist_belief_error_s5.png  used on input line 36
9.
(pdftex.def)             Requested size: 232.17242pt x 154.77708pt.
<Graphs/updating_s5.png, id=180, 1204.5pt x 803.0pt>
File: Graphs/updating_s5.png Graphic file (type png)
<use Graphs/updating_s5.png>
Package pdftex.def Info: Graphs/updating_s5.png  used on input line 371.
(pdftex.def)             Requested size: 232.17242pt x 154.77708pt.
<Graphs/hist_belief_error_s4.png, id=181, 1204.5pt x 803.0pt>
File: Graphs/hist_belief_error_s4.png Graphic file (type png)
<use Graphs/hist_belief_error_s4.png>
Package pdftex.def Info: Graphs/hist_belief_error_s4.png  used on input line 37
4.
(pdftex.def)             Requested size: 232.17242pt x 154.77708pt.
<Graphs/updating_s4.png, id=182, 1204.5pt x 803.0pt>
File: Graphs/updating_s4.png Graphic file (type png)
<use Graphs/updating_s4.png>
Package pdftex.def Info: Graphs/updating_s4.png  used on input line 376.
(pdftex.def)             Requested size: 232.17242pt x 154.77708pt.
 [12] [13 <./Graphs/hist_belief_error_s3.png (PNG copy)> <./Graphs/updating_s3.
png (PNG copy)> <./Graphs/hist_belief_error_s5.png (PNG copy)> <./Graphs/updati
ng_s5.png (PNG copy)> <./Graphs/hist_belief_error_s4.png (PNG copy)> <./Graphs/
updating_s4.png (PNG copy)>]

Package natbib Warning: Citation `phillips_conservatism_1966-1' on page 14 unde
fined on input line 391.


Package natbib Warning: Citation `tversky_belief_1971' on page 14 undefined on 
input line 391.


Package natbib Warning: Citation `kahneman_subjective_1972' on page 14 undefine
d on input line 391.


Package natbib Warning: Citation `grether_bayes_1980' on page 14 undefined on i
nput line 391.


Package natbib Warning: Citation `benjamin_chapter_2019' on page 14 undefined o
n input line 391.


Overfull \hbox (2.19304pt too wide) in paragraph at lines 403--403
 []|\OT1/cmr/bx/n/12 Posterior| 
 []

(Tables/bigpicture_bel_AU.tex) [14]
<Graphs/hist_WTP_discr1.png, id=209, 1204.5pt x 803.0pt>
File: Graphs/hist_WTP_discr1.png Graphic file (type png)
<use Graphs/hist_WTP_discr1.png>
Package pdftex.def Info: Graphs/hist_WTP_discr1.png  used on input line 468.
(pdftex.def)             Requested size: 232.17242pt x 154.77708pt.
<Graphs/hist_WTP_discr1fp.png, id=210, 1204.5pt x 803.0pt>
File: Graphs/hist_WTP_discr1fp.png Graphic file (type png)
<use Graphs/hist_WTP_discr1fp.png>
Package pdftex.def Info: Graphs/hist_WTP_discr1fp.png  used on input line 470.
(pdftex.def)             Requested size: 232.17242pt x 154.77708pt.
<Graphs/hist_WTP_discr1fn.png, id=211, 1204.5pt x 803.0pt>
File: Graphs/hist_WTP_discr1fn.png Graphic file (type png)
<use Graphs/hist_WTP_discr1fn.png>
Package pdftex.def Info: Graphs/hist_WTP_discr1fn.png  used on input line 473.
(pdftex.def)             Requested size: 232.17242pt x 154.77708pt.
<Graphs/hist_WTP_discr1fpfn.png, id=212, 1204.5pt x 803.0pt>
File: Graphs/hist_WTP_discr1fpfn.png Graphic file (type png)
<use Graphs/hist_WTP_discr1fpfn.png>
Package pdftex.def Info: Graphs/hist_WTP_discr1fpfn.png  used on input line 475
.
(pdftex.def)             Requested size: 232.17242pt x 154.77708pt.
 [15]

LaTeX Warning: Reference `WTP_nonpar' on page 16 undefined on input line 480.

(Tables/bigpicture_wtp_det.tex) [16 <./Graphs/hist_WTP_discr1.png (PNG copy)> <
./Graphs/hist_WTP_discr1fp.png (PNG copy)> <./Graphs/hist_WTP_discr1fn.png (PNG
 copy)> <./Graphs/hist_WTP_discr1fpfn.png (PNG copy)>] (Tables/wtpdiff_ols.tex)
[17] [18] [19]
<Graphs/sensit_comparison.png, id=252, 1003.75pt x 602.25pt>
File: Graphs/sensit_comparison.png Graphic file (type png)
<use Graphs/sensit_comparison.png>
Package pdftex.def Info: Graphs/sensit_comparison.png  used on input line 594.
(pdftex.def)             Requested size: 386.95897pt x 232.1748pt.
 [20]

LaTeX Warning: Reference `wtp_het_risk' on page 21 undefined on input line 604.



LaTeX Warning: Reference `tobit_het' on page 21 undefined on input line 606.

[21 <./Graphs/sensit_comparison.png (PNG copy)>] (Tables/table_be_err_AU.tex)
[22] [23] (Tables/table_ip_flex_AU.tex) [24] [25]
No file alertsManuscript_AU8.bbl.
(Tables/table_summary.tex) (Tables/table_be3.tex) (Tables/table_ip5.tex)
(Tables/table_wtpdiff_02.tex) (Tables/wtp_het_risk.tex) [26

] [27] [28] [29]
[30]
Overfull \hbox (14.3382pt too wide) detected at line 806
[] \OT1/cmr/m/n/10.95 = [] []
 []

[31]

Package natbib Warning: There were undefined citations.

[32] (alertsManuscript_AU8.aux)

LaTeX Font Warning: Size substitutions with differences
(Font)              up to 1.0pt have occurred.


LaTeX Warning: There were undefined references.

Package rerunfilecheck Info: File `alertsManuscript_AU8.out' has not changed.
(rerunfilecheck)             Checksum: DDB04B2F873F325BCE6344E875830A6A;3004.
 ) 
Here is how much of TeX's memory you used:
 14142 strings out of 476374
 226304 string characters out of 5805269
 1894340 words of memory out of 5000000
 34167 multiletter control sequences out of 15000+600000
 521939 words of font info for 65 fonts, out of 8000000 for 9000
 1141 hyphenation exceptions out of 8191
 86i,15n,117p,1436b,603s stack positions out of 10000i,1000n,20000p,200000b,200000s

pdfTeX warning (dest): name{Hfootnote.14} has been referenced but does not exis
t, replaced by a fixed one


pdfTeX warning (dest): name{Hfootnote.13} has been referenced but does not exis
t, replaced by a fixed one


pdfTeX warning (dest): name{Hfootnote.12} has been referenced but does not exis
t, replaced by a fixed one


pdfTeX warning (dest): name{Hfootnote.11} has been referenced but does not exis
t, replaced by a fixed one


pdfTeX warning (dest): name{Hfootnote.10} has been referenced but does not exis
t, replaced by a fixed one


pdfTeX warning (dest): name{Hfootnote.9} has been referenced but does not exist
, replaced by a fixed one


pdfTeX warning (dest): name{Hfootnote.8} has been referenced but does not exist
, replaced by a fixed one


pdfTeX warning (dest): name{Hfootnote.7} has been referenced but does not exist
, replaced by a fixed one


pdfTeX warning (dest): name{Hfootnote.6} has been referenced but does not exist
, replaced by a fixed one


pdfTeX warning (dest): name{Hfootnote.5} has been referenced but does not exist
, replaced by a fixed one


pdfTeX warning (dest): name{Hfootnote.4} has been referenced but does not exist
, replaced by a fixed one


pdfTeX warning (dest): name{Hfootnote.3} has been referenced but does not exist
, replaced by a fixed one


pdfTeX warning (dest): name{Hfootnote.2} has been referenced but does not exist
, replaced by a fixed one


pdfTeX warning (dest): name{Hfootnote.1} has been referenced but does not exist
, replaced by a fixed one

 <C:\Users\aluga\AppData\Local\MiKTeX\fonts/pk/ljfour/jknappen/ec/dpi600\tcrm12
00.pk><C:/MiKTeX/fonts/type1/public/amsfonts/cm/cmbx10.pfb><C:/MiKTeX/fonts/typ
e1/public/amsfonts/cm/cmbx12.pfb><C:/MiKTeX/fonts/type1/public/amsfonts/cm/cmex
10.pfb><C:/MiKTeX/fonts/type1/public/amsfonts/cm/cmmi10.pfb><C:/MiKTeX/fonts/ty
pe1/public/amsfonts/cm/cmmi12.pfb><C:/MiKTeX/fonts/type1/public/amsfonts/cm/cmm
i7.pfb><C:/MiKTeX/fonts/type1/public/amsfonts/cm/cmmi8.pfb><C:/MiKTeX/fonts/typ
e1/public/amsfonts/cm/cmr10.pfb><C:/MiKTeX/fonts/type1/public/amsfonts/cm/cmr12
.pfb><C:/MiKTeX/fonts/type1/public/amsfonts/cm/cmr17.pfb><C:/MiKTeX/fonts/type1
/public/amsfonts/cm/cmr6.pfb><C:/MiKTeX/fonts/type1/public/amsfonts/cm/cmr7.pfb
><C:/MiKTeX/fonts/type1/public/amsfonts/cm/cmr8.pfb><C:/MiKTeX/fonts/type1/publ
ic/amsfonts/cm/cmsy10.pfb><C:/MiKTeX/fonts/type1/public/amsfonts/cm/cmsy6.pfb><
C:/MiKTeX/fonts/type1/public/amsfonts/cm/cmsy7.pfb><C:/MiKTeX/fonts/type1/publi
c/amsfonts/cm/cmsy8.pfb><C:/MiKTeX/fonts/type1/public/amsfonts/cm/cmti10.pfb><C
:/MiKTeX/fonts/type1/public/amsfonts/cm/cmti12.pfb>
Output written on alertsManuscript_AU8.pdf (32 pages, 1130756 bytes).
PDF statistics:
 438 PDF objects out of 1000 (max. 8388607)
 109 named destinations out of 1000 (max. 500000)
 210 words of extra memory for PDF output out of 10000 (max. 10000000)

