This is pdfTeX, Version 3.141592653-2.6-1.40.24 (MiKTeX 22.7) (preloaded format=pdflatex 2022.7.18)  9 FEB 2023 15:31
entering extended mode
 restricted \write18 enabled.
 %&-line parsing enabled.
**./alertsManuscript_PM3.tex
(alertsManuscript_PM3.tex
LaTeX2e <2022-06-01> patch level 5
L3 programming layer <2022-07-04>
(C:\Program Files\MiKTeX\tex/latex/base\article.cls
Document Class: article 2021/10/04 v1.4n Standard LaTeX document class
(C:\Program Files\MiKTeX\tex/latex/base\size12.clo
File: size12.clo 2021/10/04 v1.4n Standard LaTeX file (size option)
)
\c@part=\count185
\c@section=\count186
\c@subsection=\count187
\c@subsubsection=\count188
\c@paragraph=\count189
\c@subparagraph=\count190
\c@figure=\count191
\c@table=\count192
\abovecaptionskip=\skip47
\belowcaptionskip=\skip48
\bibindent=\dimen138
)
(C:\Program Files\MiKTeX\tex/latex/amsmath\amsmath.sty
Package: amsmath 2022/04/08 v2.17n AMS math features
\@mathmargin=\skip49

For additional information on amsmath, use the `?' option.
(C:\Program Files\MiKTeX\tex/latex/amsmath\amstext.sty
Package: amstext 2021/08/26 v2.01 AMS text

(C:\Program Files\MiKTeX\tex/latex/amsmath\amsgen.sty
File: amsgen.sty 1999/11/30 v2.0 generic functions
\@emptytoks=\toks16
\ex@=\dimen139
))
(C:\Program Files\MiKTeX\tex/latex/amsmath\amsbsy.sty
Package: amsbsy 1999/11/29 v1.2d Bold Symbols
\pmbraise@=\dimen140
)
(C:\Program Files\MiKTeX\tex/latex/amsmath\amsopn.sty
Package: amsopn 2022/04/08 v2.04 operator names
)
\inf@bad=\count193
LaTeX Info: Redefining \frac on input line 234.
\uproot@=\count194
\leftroot@=\count195
LaTeX Info: Redefining \overline on input line 399.
LaTeX Info: Redefining \colon on input line 410.
\classnum@=\count196
\DOTSCASE@=\count197
LaTeX Info: Redefining \ldots on input line 496.
LaTeX Info: Redefining \dots on input line 499.
LaTeX Info: Redefining \cdots on input line 620.
\Mathstrutbox@=\box51
\strutbox@=\box52
LaTeX Info: Redefining \big on input line 722.
LaTeX Info: Redefining \Big on input line 723.
LaTeX Info: Redefining \bigg on input line 724.
LaTeX Info: Redefining \Bigg on input line 725.
\big@size=\dimen141
LaTeX Font Info:    Redeclaring font encoding OML on input line 743.
LaTeX Font Info:    Redeclaring font encoding OMS on input line 744.
\macc@depth=\count198
LaTeX Info: Redefining \bmod on input line 905.
LaTeX Info: Redefining \pmod on input line 910.
LaTeX Info: Redefining \smash on input line 940.
LaTeX Info: Redefining \relbar on input line 970.
LaTeX Info: Redefining \Relbar on input line 971.
\c@MaxMatrixCols=\count199
\dotsspace@=\muskip16
\c@parentequation=\count266
\dspbrk@lvl=\count267
\tag@help=\toks17
\row@=\count268
\column@=\count269
\maxfields@=\count270
\andhelp@=\toks18
\eqnshift@=\dimen142
\alignsep@=\dimen143
\tagshift@=\dimen144
\tagwidth@=\dimen145
\totwidth@=\dimen146
\lineht@=\dimen147
\@envbody=\toks19
\multlinegap=\skip50
\multlinetaggap=\skip51
\mathdisplay@stack=\toks20
LaTeX Info: Redefining \[ on input line 2953.
LaTeX Info: Redefining \] on input line 2954.
)
(C:\Users\pjmcgee\AppData\Roaming\MiKTeX\tex/latex/amscls\amsthm.sty
Package: amsthm 2020/05/29 v2.20.6
\thm@style=\toks21
\thm@bodyfont=\toks22
\thm@headfont=\toks23
\thm@notefont=\toks24
\thm@headpunct=\toks25
\thm@preskip=\skip52
\thm@postskip=\skip53
\thm@headsep=\skip54
\dth@everypar=\toks26
)
(C:\Users\pjmcgee\AppData\Roaming\MiKTeX\tex/latex/geometry\geometry.sty
Package: geometry 2020/01/02 v5.9 Page Geometry

(C:\Program Files\MiKTeX\tex/latex/graphics\keyval.sty
Package: keyval 2022/05/29 v1.15 key=value parser (DPC)
\KV@toks@=\toks27
)
(C:\Program Files\MiKTeX\tex/generic/iftex\ifvtex.sty
Package: ifvtex 2019/10/25 v1.7 ifvtex legacy package. Use iftex instead.

(C:\Program Files\MiKTeX\tex/generic/iftex\iftex.sty
Package: iftex 2022/02/03 v1.0f TeX engine tests
))
\Gm@cnth=\count271
\Gm@cntv=\count272
\c@Gm@tempcnt=\count273
\Gm@bindingoffset=\dimen148
\Gm@wd@mp=\dimen149
\Gm@odd@mp=\dimen150
\Gm@even@mp=\dimen151
\Gm@layoutwidth=\dimen152
\Gm@layoutheight=\dimen153
\Gm@layouthoffset=\dimen154
\Gm@layoutvoffset=\dimen155
\Gm@dimlist=\toks28

(C:\Users\pjmcgee\AppData\Roaming\MiKTeX\tex/latex/geometry\geometry.cfg))
(C:\Users\pjmcgee\AppData\Roaming\MiKTeX\tex/latex/titlesec\titlesec.sty
Package: titlesec 2021/07/05 v2.14 Sectioning titles
\ttl@box=\box53
\beforetitleunit=\skip55
\aftertitleunit=\skip56
\ttl@plus=\dimen156
\ttl@minus=\dimen157
\ttl@toksa=\toks29
\titlewidth=\dimen158
\titlewidthlast=\dimen159
\titlewidthfirst=\dimen160
)

Package geometry Warning: Over-specification in `h'-direction.
    `width' (483.69684pt) is ignored.


Package geometry Warning: Over-specification in `v'-direction.
    `height' (731.23582pt) is ignored.

(C:\Users\pjmcgee\AppData\Roaming\MiKTeX\tex/latex/sectsty\sectsty.sty
Package: sectsty 2002/02/25 v2.0.2 Commands to change all sectional heading sty
les


LaTeX Warning: Command \underbar  has changed.
               Check if current package is valid.


LaTeX Warning: Command \underline  has changed.
               Check if current package is valid.

) (C:\Users\pjmcgee\AppData\Roaming\MiKTeX\tex/latex/natbib\natbib.sty
Package: natbib 2010/09/13 8.31b (PWD, AO)
\bibhang=\skip57
\bibsep=\skip58
LaTeX Info: Redefining \cite on input line 694.
\c@NAT@ctr=\count274
)
(C:\Program Files\MiKTeX\tex/latex/hyperref\hyperref.sty
Package: hyperref 2022-06-20 v7.00s Hypertext links for LaTeX

(C:\Users\pjmcgee\AppData\Roaming\MiKTeX\tex/generic/ltxcmds\ltxcmds.sty
Package: ltxcmds 2020-05-10 v1.25 LaTeX kernel commands for general use (HO)
)
(C:\Program Files\MiKTeX\tex/generic/pdftexcmds\pdftexcmds.sty
Package: pdftexcmds 2020-06-27 v0.33 Utility functions of pdfTeX for LuaTeX (HO
)

(C:\Users\pjmcgee\AppData\Roaming\MiKTeX\tex/generic/infwarerr\infwarerr.sty
Package: infwarerr 2019/12/03 v1.5 Providing info/warning/error messages (HO)
)
Package pdftexcmds Info: \pdf@primitive is available.
Package pdftexcmds Info: \pdf@ifprimitive is available.
Package pdftexcmds Info: \pdfdraftmode found.
)
(C:\Users\pjmcgee\AppData\Roaming\MiKTeX\tex/generic/kvsetkeys\kvsetkeys.sty
Package: kvsetkeys 2019/12/15 v1.18 Key value parser (HO)
)
(C:\Users\pjmcgee\AppData\Roaming\MiKTeX\tex/generic/kvdefinekeys\kvdefinekeys.
sty
Package: kvdefinekeys 2019-12-19 v1.6 Define keys (HO)
)
(C:\Users\pjmcgee\AppData\Roaming\MiKTeX\tex/generic/pdfescape\pdfescape.sty
Package: pdfescape 2019/12/09 v1.15 Implements pdfTeX's escape features (HO)
)
(C:\Users\pjmcgee\AppData\Roaming\MiKTeX\tex/latex/hycolor\hycolor.sty
Package: hycolor 2020-01-27 v1.10 Color options for hyperref/bookmark (HO)
)
(C:\Users\pjmcgee\AppData\Roaming\MiKTeX\tex/latex/letltxmacro\letltxmacro.sty
Package: letltxmacro 2019/12/03 v1.6 Let assignment for LaTeX macros (HO)
) (C:\Users\pjmcgee\AppData\Roaming\MiKTeX\tex/latex/auxhook\auxhook.sty
Package: auxhook 2019-12-17 v1.6 Hooks for auxiliary files (HO)
)
(C:\Program Files\MiKTeX\tex/latex/hyperref\nameref.sty
Package: nameref 2022-05-17 v2.50 Cross-referencing by name of section

(C:\Users\pjmcgee\AppData\Roaming\MiKTeX\tex/latex/refcount\refcount.sty
Package: refcount 2019/12/15 v3.6 Data extraction from label references (HO)
)
(C:\Users\pjmcgee\AppData\Roaming\MiKTeX\tex/generic/gettitlestring\gettitlestr
ing.sty
Package: gettitlestring 2019/12/15 v1.6 Cleanup title references (HO)

(C:\Users\pjmcgee\AppData\Roaming\MiKTeX\tex/latex/kvoptions\kvoptions.sty
Package: kvoptions 2022-06-15 v3.15 Key value format for package options (HO)
))
\c@section@level=\count275
)
\@linkdim=\dimen161
\Hy@linkcounter=\count276
\Hy@pagecounter=\count277

(C:\Program Files\MiKTeX\tex/latex/hyperref\pd1enc.def
File: pd1enc.def 2022-06-20 v7.00s Hyperref: PDFDocEncoding definition (HO)
Now handling font encoding PD1 ...
... no UTF-8 mapping file for font encoding PD1
)
(C:\Users\pjmcgee\AppData\Roaming\MiKTeX\tex/generic/intcalc\intcalc.sty
Package: intcalc 2019/12/15 v1.3 Expandable calculations with integers (HO)
)
(C:\Users\pjmcgee\AppData\Roaming\MiKTeX\tex/generic/etexcmds\etexcmds.sty
Package: etexcmds 2019/12/15 v1.7 Avoid name clashes with e-TeX commands (HO)
)
\Hy@SavedSpaceFactor=\count278

(C:\Program Files\MiKTeX\tex/latex/hyperref\puenc.def
File: puenc.def 2022-06-20 v7.00s Hyperref: PDF Unicode definition (HO)
Now handling font encoding PU ...
... no UTF-8 mapping file for font encoding PU
)
Package hyperref Info: Hyper figures OFF on input line 4162.
Package hyperref Info: Link nesting OFF on input line 4167.
Package hyperref Info: Hyper index ON on input line 4170.
Package hyperref Info: Plain pages OFF on input line 4177.
Package hyperref Info: Backreferencing OFF on input line 4182.
Package hyperref Info: Implicit mode ON; LaTeX internals redefined.
Package hyperref Info: Bookmarks ON on input line 4408.
\c@Hy@tempcnt=\count279

(C:\Program Files\MiKTeX\tex/latex/url\url.sty
\Urlmuskip=\muskip17
Package: url 2013/09/16  ver 3.4  Verb mode for urls, etc.
)
LaTeX Info: Redefining \url on input line 4746.
\XeTeXLinkMargin=\dimen162

(C:\Users\pjmcgee\AppData\Roaming\MiKTeX\tex/generic/bitset\bitset.sty
Package: bitset 2019/12/09 v1.3 Handle bit-vector datatype (HO)

(C:\Users\pjmcgee\AppData\Roaming\MiKTeX\tex/generic/bigintcalc\bigintcalc.sty
Package: bigintcalc 2019/12/15 v1.5 Expandable calculations on big integers (HO
)
))
\Fld@menulength=\count280
\Field@Width=\dimen163
\Fld@charsize=\dimen164
Package hyperref Info: Hyper figures OFF on input line 6024.
Package hyperref Info: Link nesting OFF on input line 6029.
Package hyperref Info: Hyper index ON on input line 6032.
Package hyperref Info: backreferencing OFF on input line 6039.
Package hyperref Info: Link coloring OFF on input line 6044.
Package hyperref Info: Link coloring with OCG OFF on input line 6049.
Package hyperref Info: PDF/A mode OFF on input line 6054.
 (C:\Program Files\MiKTeX\tex/latex/base\atbegshi-ltx.sty
Package: atbegshi-ltx 2021/01/10 v1.0c Emulation of the original atbegshi
package with kernel methods
)
\Hy@abspage=\count281
\c@Item=\count282
\c@Hfootnote=\count283
)
Package hyperref Info: Driver (autodetected): hpdftex.

(C:\Program Files\MiKTeX\tex/latex/hyperref\hpdftex.def
File: hpdftex.def 2022-06-20 v7.00s Hyperref driver for pdfTeX

(C:\Program Files\MiKTeX\tex/latex/base\atveryend-ltx.sty
Package: atveryend-ltx 2020/08/19 v1.0a Emulation of the original atveryend pac
kage
with kernel methods
)
\Fld@listcount=\count284
\c@bookmark@seq@number=\count285

(C:\Users\pjmcgee\AppData\Roaming\MiKTeX\tex/latex/rerunfilecheck\rerunfilechec
k.sty
Package: rerunfilecheck 2022-07-10 v1.10 Rerun checks for auxiliary files (HO)

(C:\Users\pjmcgee\AppData\Roaming\MiKTeX\tex/generic/uniquecounter\uniquecounte
r.sty
Package: uniquecounter 2019/12/15 v1.4 Provide unlimited unique counter (HO)
)
Package uniquecounter Info: New unique counter `rerunfilecheck' on input line 2
85.
)
\Hy@SectionHShift=\skip59
)
(C:\Users\pjmcgee\AppData\Roaming\MiKTeX\tex/latex/multirow\multirow.sty
Package: multirow 2021/03/15 v2.8 Span multiple rows of a table
\multirow@colwidth=\skip60
\multirow@cntb=\count286
\multirow@dima=\skip61
\bigstrutjot=\dimen165
)
(C:\Users\pjmcgee\AppData\Roaming\MiKTeX\tex/latex/makecell\makecell.sty
Package: makecell 2009/08/03 V0.1e Managing of Tab Column Heads and Cells

(C:\Program Files\MiKTeX\tex/latex/tools\array.sty
Package: array 2021/10/04 v2.5f Tabular extension package (FMi)
\col@sep=\dimen166
\ar@mcellbox=\box54
\extrarowheight=\dimen167
\NC@list=\toks30
\extratabsurround=\skip62
\backup@length=\skip63
\ar@cellbox=\box55
)
\rotheadsize=\dimen168
\c@nlinenum=\count287
\TeXr@lab=\toks31
)
(C:\Users\pjmcgee\AppData\Roaming\MiKTeX\tex/latex/adjustbox\adjustbox.sty
Package: adjustbox 2022/10/17 v1.3a Adjusting TeX boxes (trim, clip, ...)

(C:\Program Files\MiKTeX\tex/latex/xkeyval\xkeyval.sty
Package: xkeyval 2022/06/16 v2.9 package option processing (HA)

(C:\Program Files\MiKTeX\tex/generic/xkeyval\xkeyval.tex
(C:\Program Files\MiKTeX\tex/generic/xkeyval\xkvutils.tex
\XKV@toks=\toks32
\XKV@tempa@toks=\toks33
)
\XKV@depth=\count288
File: xkeyval.tex 2014/12/03 v2.7a key=value parser (HA)
))
(C:\Users\pjmcgee\AppData\Roaming\MiKTeX\tex/latex/adjustbox\adjcalc.sty
Package: adjcalc 2012/05/16 v1.1 Provides advanced setlength with multiple back
-ends (calc, etex, pgfmath)
)
(C:\Users\pjmcgee\AppData\Roaming\MiKTeX\tex/latex/adjustbox\trimclip.sty
Package: trimclip 2020/08/19 v1.2 Trim and clip general TeX material

(C:\Program Files\MiKTeX\tex/latex/graphics\graphicx.sty
Package: graphicx 2021/09/16 v1.2d Enhanced LaTeX Graphics (DPC,SPQR)

(C:\Program Files\MiKTeX\tex/latex/graphics\graphics.sty
Package: graphics 2022/03/10 v1.4e Standard LaTeX Graphics (DPC,SPQR)

(C:\Program Files\MiKTeX\tex/latex/graphics\trig.sty
Package: trig 2021/08/11 v1.11 sin cos tan (DPC)
)
(C:\Program Files\MiKTeX\tex/latex/graphics-cfg\graphics.cfg
File: graphics.cfg 2016/06/04 v1.11 sample graphics configuration
)
Package graphics Info: Driver file: pdftex.def on input line 107.

(C:\Program Files\MiKTeX\tex/latex/graphics-def\pdftex.def
File: pdftex.def 2020/10/05 v1.2a Graphics/color driver for pdftex
))
\Gin@req@height=\dimen169
\Gin@req@width=\dimen170
)
(C:\Users\pjmcgee\AppData\Roaming\MiKTeX\tex/latex/collectbox\collectbox.sty
Package: collectbox 2022/10/17 v0.4c Collect macro arguments as boxes
\collectedbox=\box56
)
\tc@llx=\dimen171
\tc@lly=\dimen172
\tc@urx=\dimen173
\tc@ury=\dimen174
Package trimclip Info: Using driver 'tc-pdftex.def'.

(C:\Users\pjmcgee\AppData\Roaming\MiKTeX\tex/latex/adjustbox\tc-pdftex.def
File: tc-pdftex.def 2019/01/04 v2.2 Clipping driver for pdftex
))
\adjbox@Width=\dimen175
\adjbox@Height=\dimen176
\adjbox@Depth=\dimen177
\adjbox@Totalheight=\dimen178
\adjbox@pwidth=\dimen179
\adjbox@pheight=\dimen180
\adjbox@pdepth=\dimen181
\adjbox@ptotalheight=\dimen182

(C:\Users\pjmcgee\AppData\Roaming\MiKTeX\tex/latex/ifoddpage\ifoddpage.sty
Package: ifoddpage 2022/10/18 v1.2 Conditionals for odd/even page detection
\c@checkoddpage=\count289
)
(C:\Users\pjmcgee\AppData\Roaming\MiKTeX\tex/latex/varwidth\varwidth.sty
Package: varwidth 2009/03/30 ver 0.92;  Variable-width minipages
\@vwid@box=\box57
\sift@deathcycles=\count290
\@vwid@loff=\dimen183
\@vwid@roff=\dimen184
))
(C:\Users\pjmcgee\AppData\Roaming\MiKTeX\tex/latex/threeparttable\threeparttabl
e.sty
Package: threeparttable 2003/06/13  v 3.0
\@tempboxb=\box58
) (C:\Users\pjmcgee\AppData\Roaming\MiKTeX\tex/latex/caption\caption.sty
Package: caption 2022/03/01 v3.6b Customizing captions (AR)

(C:\Users\pjmcgee\AppData\Roaming\MiKTeX\tex/latex/caption\caption3.sty
Package: caption3 2022/03/17 v2.3b caption3 kernel (AR)
\caption@tempdima=\dimen185
\captionmargin=\dimen186
\caption@leftmargin=\dimen187
\caption@rightmargin=\dimen188
\caption@width=\dimen189
\caption@indent=\dimen190
\caption@parindent=\dimen191
\caption@hangindent=\dimen192
Package caption Info: Standard document class detected.
)
\c@caption@flags=\count291
\c@continuedfloat=\count292
Package caption Info: hyperref package is loaded.
Package caption Info: threeparttable package is loaded.
)
(C:\Program Files\MiKTeX\tex/latex/xcolor\xcolor.sty
Package: xcolor 2022/06/12 v2.14 LaTeX color extensions (UK)

(C:\Program Files\MiKTeX\tex/latex/graphics-cfg\color.cfg
File: color.cfg 2016/01/02 v1.6 sample color configuration
)
Package xcolor Info: Driver file: pdftex.def on input line 227.

(C:\Users\pjmcgee\AppData\Roaming\MiKTeX\tex/latex-dev/graphics\mathcolor.ltx)
Package xcolor Info: Model `cmy' substituted by `cmy0' on input line 1353.
Package xcolor Info: Model `hsb' substituted by `rgb' on input line 1357.
Package xcolor Info: Model `RGB' extended on input line 1369.
Package xcolor Info: Model `HTML' substituted by `rgb' on input line 1371.
Package xcolor Info: Model `Hsb' substituted by `hsb' on input line 1372.
Package xcolor Info: Model `tHsb' substituted by `hsb' on input line 1373.
Package xcolor Info: Model `HSB' substituted by `hsb' on input line 1374.
Package xcolor Info: Model `Gray' substituted by `gray' on input line 1375.
Package xcolor Info: Model `wave' substituted by `hsb' on input line 1376.

(C:\Program Files\MiKTeX\tex/latex/graphics\dvipsnam.def
File: dvipsnam.def 2016/06/17 v3.0m Driver-dependent file (DPC,SPQR)
))
(C:\Users\pjmcgee\AppData\Roaming\MiKTeX\tex/latex/booktabs\booktabs.sty
Package: booktabs 2020/01/12 v1.61803398 Publication quality tables
\heavyrulewidth=\dimen193
\lightrulewidth=\dimen194
\cmidrulewidth=\dimen195
\belowrulesep=\dimen196
\belowbottomsep=\dimen197
\aboverulesep=\dimen198
\abovetopsep=\dimen199
\cmidrulesep=\dimen256
\cmidrulekern=\dimen257
\defaultaddspace=\dimen258
\@cmidla=\count293
\@cmidlb=\count294
\@aboverulesep=\dimen259
\@belowrulesep=\dimen260
\@thisruleclass=\count295
\@lastruleclass=\count296
\@thisrulewidth=\dimen261
)
(C:\Users\pjmcgee\AppData\Roaming\MiKTeX\tex/latex/float\float.sty
Package: float 2001/11/08 v1.3d Float enhancements (AL)
\c@float@type=\count297
\float@exts=\toks34
\float@box=\box59
\@float@everytoks=\toks35
\@floatcapt=\box60
)
(C:\Users\pjmcgee\AppData\Roaming\MiKTeX\tex/latex/setspace\setspace.sty
Package: setspace 2022/12/04 v6.7b set line spacing
)
(C:\Users\pjmcgee\AppData\Roaming\MiKTeX\tex/latex/placeins\placeins.sty
Package: placeins 2005/04/18  v 2.2
)
(C:\Users\pjmcgee\AppData\Roaming\MiKTeX\tex/latex/caption\subcaption.sty
Package: subcaption 2022/01/07 v1.5 Sub-captions (AR)
\c@subfigure=\count298
\c@subtable=\count299
)
\c@theorem=\count300
\c@hypothesis=\count301
\c@result=\count302

(C:\Program Files\MiKTeX\tex/latex/l3backend\l3backend-pdftex.def
File: l3backend-pdftex.def 2022-07-01 L3 backend support: PDF output (pdfTeX)
\l__color_backend_stack_int=\count303
\l__pdf_internal_box=\box61
)
No file alertsManuscript_PM3.aux.
\openout1 = `alertsManuscript_PM3.aux'.

LaTeX Font Info:    Checking defaults for OML/cmm/m/it on input line 71.
LaTeX Font Info:    ... okay on input line 71.
LaTeX Font Info:    Checking defaults for OMS/cmsy/m/n on input line 71.
LaTeX Font Info:    ... okay on input line 71.
LaTeX Font Info:    Checking defaults for OT1/cmr/m/n on input line 71.
LaTeX Font Info:    ... okay on input line 71.
LaTeX Font Info:    Checking defaults for T1/cmr/m/n on input line 71.
LaTeX Font Info:    ... okay on input line 71.
LaTeX Font Info:    Checking defaults for TS1/cmr/m/n on input line 71.
LaTeX Font Info:    ... okay on input line 71.
LaTeX Font Info:    Checking defaults for OMX/cmex/m/n on input line 71.
LaTeX Font Info:    ... okay on input line 71.
LaTeX Font Info:    Checking defaults for U/cmr/m/n on input line 71.
LaTeX Font Info:    ... okay on input line 71.
LaTeX Font Info:    Checking defaults for PD1/pdf/m/n on input line 71.
LaTeX Font Info:    ... okay on input line 71.
LaTeX Font Info:    Checking defaults for PU/pdf/m/n on input line 71.
LaTeX Font Info:    ... okay on input line 71.
*geometry* driver: auto-detecting
*geometry* detected driver: pdftex
*geometry* verbose mode - [ preamble ] result:
* driver: pdftex
* paper: a4paper
* layout: <same size as paper>
* layoutoffset:(h,v)=(0.0pt,0.0pt)
* modes: 
* h-part:(L,W,R)=(56.9055pt, 483.69687pt, 56.9055pt)
* v-part:(T,H,B)=(71.13188pt, 702.78308pt, 71.13188pt)
* \paperwidth=597.50787pt
* \paperheight=845.04684pt
* \textwidth=483.69687pt
* \textheight=702.78308pt
* \oddsidemargin=-15.36449pt
* \evensidemargin=-15.36449pt
* \topmargin=-38.1381pt
* \headheight=12.0pt
* \headsep=25.0pt
* \topskip=12.0pt
* \footskip=30.0pt
* \marginparwidth=35.0pt
* \marginparsep=10.0pt
* \columnsep=10.0pt
* \skip\footins=10.8pt plus 4.0pt minus 2.0pt
* \hoffset=0.0pt
* \voffset=0.0pt
* \mag=1000
* \@twocolumnfalse
* \@twosidefalse
* \@mparswitchfalse
* \@reversemarginfalse
* (1in=72.27pt=25.4mm, 1cm=28.453pt)

Package hyperref Info: Link coloring OFF on input line 71.
\@outlinefile=\write3
\openout3 = `alertsManuscript_PM3.out'.

(C:\Program Files\MiKTeX\tex/context/base/mkii\supp-pdf.mkii
[Loading MPS to PDF converter (version 2006.09.02).]
\scratchcounter=\count304
\scratchdimen=\dimen262
\scratchbox=\box62
\nofMPsegments=\count305
\nofMParguments=\count306
\everyMPshowfont=\toks36
\MPscratchCnt=\count307
\MPscratchDim=\dimen263
\MPnumerator=\count308
\makeMPintoPDFobject=\count309
\everyMPtoPDFconversion=\toks37
) (C:\Program Files\MiKTeX\tex/latex/epstopdf-pkg\epstopdf-base.sty
Package: epstopdf-base 2020-01-24 v2.11 Base part for package epstopdf
Package epstopdf-base Info: Redefining graphics rule for `.eps' on input line 4
85.

(C:\Program Files\MiKTeX\tex/latex/00miktex\epstopdf-sys.cfg
File: epstopdf-sys.cfg 2021/03/18 v2.0 Configuration of epstopdf for MiKTeX
))
Package caption Info: Begin \AtBeginDocument code.
Package caption Info: float package is loaded.
Package caption Info: End \AtBeginDocument code.
 [1

{C:/Users/pjmcgee/AppData/Local/MiKTeX/fonts/map/pdftex/pdftex.map}]

Package natbib Warning: Citation `hoffman_how_2016' on page 2 undefined on inpu
t line 100.


Package natbib Warning: Citation `ambuehl_belief_2018' on page 2 undefined on i
nput line 100.


Package natbib Warning: Citation `xu_revealed_2020' on page 2 undefined on inpu
t line 100.

[2]

Package natbib Warning: Citation `ambuehl_belief_2018' on page 3 undefined on i
nput line 102.


Package natbib Warning: Citation `xu_revealed_2020' on page 3 undefined on inpu
t line 102.


Package natbib Warning: Citation `ambuehl_belief_2018' on page 3 undefined on i
nput line 102.


Package natbib Warning: Citation `xu_revealed_2020' on page 3 undefined on inpu
t line 102.


Package natbib Warning: Citation `eliaz_paying_2010' on page 3 undefined on inp
ut line 104.


Package natbib Warning: Citation `masatlioglu_intrinsic_2017' on page 3 undefin
ed on input line 104.


Package natbib Warning: Citation `eil_good_2011' on page 3 undefined on input l
ine 106.


Package natbib Warning: Citation `coutts_good_2019' on page 3 undefined on inpu
t line 106.


Package natbib Warning: Citation `bornstein_rationality_2001' on page 3 undefin
ed on input line 108.


Package natbib Warning: Citation `gigerenzer_helping_2007' on page 3 undefined 
on input line 108.

[3]

Package natbib Warning: Citation `liang_acceptability_2003' on page 4 undefined
 on input line 110.


Package natbib Warning: Citation `howard_does_2009' on page 4 undefined on inpu
t line 110.


Package natbib Warning: Citation `neumann_willingness--pay_2012' on page 4 unde
fined on input line 110.


Package natbib Warning: Citation `schwartz_enthusiasm_2004' on page 4 undefined
 on input line 110.


Package natbib Warning: Citation `neumann_willingness--pay_2012' on page 4 unde
fined on input line 110.


Package natbib Warning: Citation `schwartz_enthusiasm_2004' on page 4 undefined
 on input line 110.


Package natbib Warning: Citation `howard_does_2009' on page 4 undefined on inpu
t line 110.


Package natbib Warning: Citation `laury_insurance_2009' on page 4 undefined on 
input line 112.


Package natbib Warning: Citation `volkman-wise_representativeness_2015' on page
 4 undefined on input line 112.


Package natbib Warning: Citation `hammerton_case_1973' on page 4 undefined on i
nput line 114.


Package natbib Warning: Citation `kahneman_psychology_1973' on page 4 undefined
 on input line 114.


Package natbib Warning: Citation `grether_testing_1992' on page 4 undefined on 
input line 114.


Package natbib Warning: Citation `holt_update_2009' on page 4 undefined on inpu
t line 114.

[4]

Package amsmath Warning: Foreign command \over;
(amsmath)                \frac or \genfrac should be used instead
(amsmath)                 on input line 128.

[5] [6] [7] [8]

Package natbib Warning: Citation `grether_testing_1992' on page 9 undefined on 
input line 230.


Package natbib Warning: Citation `holt_update_2009' on page 9 undefined on inpu
t line 230.


Package natbib Warning: Citation `karni_mechanism_2009-1' on page 9 undefined o
n input line 230.

[9] (Tables/table_treatments.tex)
! Undefined control sequence.
\pmst #1->{\color {Blue}\sout 
                              {#1}}
l.258 ...ubject behavior in the different tasks. }
                                                  
The control sequence at the end of the top line
of your error message was never \def'ed. If you have
misspelled it (e.g., `\hobx'), type `I' and the correct
spelling (e.g., `I\hbox'). Otherwise just continue,
and I'll forget about whatever was undefined.


LaTeX Font Warning: Font shape `OT1/cmr/bx/n' in size <13> not available
(Font)              size <12> substituted on input line 271.

! Undefined control sequence.
\pmst #1->{\color {Blue}\sout 
                              {#1}}
l.274 \pmst{\textbf{Blind Protection.}}
                                       \ \ \ \pmst{Subjects’ responses in ...
The control sequence at the end of the top line
of your error message was never \def'ed. If you have
misspelled it (e.g., `\hobx'), type `I' and the correct
spelling (e.g., `I\hbox'). Otherwise just continue,
and I'll forget about whatever was undefined.

! Undefined control sequence.
\pmst #1->{\color {Blue}\sout 
                              {#1}}
l.274 ...ent with the expected utility framework.}
                                                   Figure~\ref{fig:ProtRespo...
The control sequence at the end of the top line
of your error message was never \def'ed. If you have
misspelled it (e.g., `\hobx'), type `I' and the correct
spelling (e.g., `I\hbox'). Otherwise just continue,
and I'll forget about whatever was undefined.


LaTeX Warning: Reference `fig:ProtResponse' on page 10 undefined on input line 
274.

! Undefined control sequence.
\pmst #1->{\color {Blue}\sout 
                              {#1}}
l.274 ... protection decision against \pmst{prior}
                                                  posterior probability of a...
The control sequence at the end of the top line
of your error message was never \def'ed. If you have
misspelled it (e.g., `\hobx'), type `I' and the correct
spelling (e.g., `I\hbox'). Otherwise just continue,
and I'll forget about whatever was undefined.

[10]

LaTeX Warning: Reference `fig:ProtResponse' on page 11 undefined on input line 
282.

[11]
<Graphs/ip_response_comp.png, id=92, 1204.5pt x 803.0pt>
File: Graphs/ip_response_comp.png Graphic file (type png)
<use Graphs/ip_response_comp.png>
Package pdftex.def Info: Graphs/ip_response_comp.png  used on input line 294.
(pdftex.def)             Requested size: 362.77264pt x 241.84532pt.


LaTeX Warning: Reference `fig:BeliefUpdate' on page 12 undefined on input line 
307.


LaTeX Warning: Reference `fig:BeliefUpdate' on page 12 undefined on input line 
309.


LaTeX Warning: Reference `fig:BeliefUpdate' on page 12 undefined on input line 
309.


LaTeX Warning: Reference `fig:ProtResponse' on page 12 undefined on input line 
309.


LaTeX Warning: Reference `fig:BeliefUpdate' on page 12 undefined on input line 
309.

[12 <./Graphs/ip_response_comp.png (PNG copy)>] [13]
<Graphs/hist_belief_error_s3.png, id=104, 1204.5pt x 803.0pt>
File: Graphs/hist_belief_error_s3.png Graphic file (type png)
<use Graphs/hist_belief_error_s3.png>
Package pdftex.def Info: Graphs/hist_belief_error_s3.png  used on input line 32
1.
(pdftex.def)             Requested size: 232.17242pt x 154.77708pt.
Package hyperref Info: bookmark level for unknown subfigure defaults to 0 on in
put line 321.
<Graphs/updating_s3.png, id=105, 1204.5pt x 803.0pt>
File: Graphs/updating_s3.png Graphic file (type png)
<use Graphs/updating_s3.png>
Package pdftex.def Info: Graphs/updating_s3.png  used on input line 323.
(pdftex.def)             Requested size: 232.17242pt x 154.77708pt.
<Graphs/hist_belief_error_s4.png, id=106, 1204.5pt x 803.0pt>
File: Graphs/hist_belief_error_s4.png Graphic file (type png)
<use Graphs/hist_belief_error_s4.png>
Package pdftex.def Info: Graphs/hist_belief_error_s4.png  used on input line 32
5.
(pdftex.def)             Requested size: 232.17242pt x 154.77708pt.
<Graphs/updating_s4.png, id=107, 1204.5pt x 803.0pt>
File: Graphs/updating_s4.png Graphic file (type png)
<use Graphs/updating_s4.png>
Package pdftex.def Info: Graphs/updating_s4.png  used on input line 327.
(pdftex.def)             Requested size: 232.17242pt x 154.77708pt.
<Graphs/hist_belief_error_s5.png, id=108, 1204.5pt x 803.0pt>
File: Graphs/hist_belief_error_s5.png Graphic file (type png)
<use Graphs/hist_belief_error_s5.png>
Package pdftex.def Info: Graphs/hist_belief_error_s5.png  used on input line 32
9.
(pdftex.def)             Requested size: 232.17242pt x 154.77708pt.
<Graphs/updating_s5.png, id=109, 1204.5pt x 803.0pt>
File: Graphs/updating_s5.png Graphic file (type png)
<use Graphs/updating_s5.png>
Package pdftex.def Info: Graphs/updating_s5.png  used on input line 331.
(pdftex.def)             Requested size: 232.17242pt x 154.77708pt.
 [14] [15 <./Graphs/hist_belief_error_s3.png (PNG copy)> <./Graphs/updating_s3.
png (PNG copy)> <./Graphs/hist_belief_error_s4.png (PNG copy)> <./Graphs/updati
ng_s4.png (PNG copy)> <./Graphs/hist_belief_error_s5.png (PNG copy)> <./Graphs/
updating_s5.png (PNG copy)>]

LaTeX Warning: Reference `tab:nonparIP' on page 16 undefined on input line 350.


[16

]
Overfull \hbox (2.19304pt too wide) in paragraph at lines 366--366
 []|\OT1/cmr/bx/n/12 Posterior| 
 []

(Tables/bigpicture_IP_AG.tex)

LaTeX Warning: Reference `tab:nonparError' on page 17 undefined on input line 3
97.

[17]

LaTeX Warning: Reference `tab:updateErrorReg' on page 18 undefined on input lin
e 401.


LaTeX Warning: Reference `tab:nonparError' on page 18 undefined on input line 4
01.


Overfull \hbox (2.19304pt too wide) in paragraph at lines 414--414
 []|\OT1/cmr/bx/n/12 Posterior| 
 []

(Tables/bigpicture_bel_AG.tex) (Tables/table_be_err_AG.tex)

LaTeX Warning: Reference `tab:protectReg' on page 18 undefined on input line 46
9.

[18]

LaTeX Warning: Reference `res:IPdeviations' on page 19 undefined on input line 
474.

(Tables/table_ip_flex_AG.tex) [19] [20] (Tables/table_wtp_02tob.tex) [21

]
(Tables/bigpicture_wtp.tex) (Tables/table_wtpdiff_01rfull_ag.tex) [22] [23]
[24] (Tables/lc_results3.tex)
Overfull \hbox (106.01326pt too wide) in paragraph at lines 1--585
[][]
 []


Underfull \hbox (badness 10000) in paragraph at lines 1--585

 []

(Tables/table_ipclasses.tex) (Tables/table_be_class.tex)
(Tables/losses_matr2c.tex
Overfull \hbox (21.78915pt too wide) in paragraph at lines 3--14
 [][] 
 []

) (Tables/table_be_errx.tex) [25] [26] [27]
No file alertsManuscript_PM3.bbl.
(Tables/table_summary.tex) (Tables/thetas.tex) (Tables/table_ip0.tex
Overfull \hbox (92.85327pt too wide) in paragraph at lines 4--30
 [][] 
 []

) (Tables/table_ip5.tex) (Tables/table_wtp_02tob.tex)
(Tables/table_wtpdiff_01r_ag.tex) (Tables/table_wtp_val1.tex)
Overfull \hbox (75.87341pt too wide) in paragraph at lines 3--648
[][]
 []


Underfull \hbox (badness 10000) in paragraph at lines 3--648

 []

(Tables/table_be3.tex) (Tables/table_ip8_be.tex [28

])
(Tables/table_ip5_semi.tex) (Tables/table_wtpdiff_06.tex) [29] [30] [31]
[32] [33] [34]
<Graphs/WTP_value_heat.png, id=240, 1204.5pt x 803.0pt>
File: Graphs/WTP_value_heat.png Graphic file (type png)
<use Graphs/WTP_value_heat.png>
Package pdftex.def Info: Graphs/WTP_value_heat.png  used on input line 680.
(pdftex.def)             Requested size: 361.35278pt x 240.90186pt.
<Graphs/hist_WTP_discr1.png, id=241, 1204.5pt x 803.0pt>
File: Graphs/hist_WTP_discr1.png Graphic file (type png)
<use Graphs/hist_WTP_discr1.png>
Package pdftex.def Info: Graphs/hist_WTP_discr1.png  used on input line 688.
(pdftex.def)             Requested size: 361.35278pt x 240.90186pt.


Package natbib Warning: There were undefined citations.

[35 <./Graphs/WTP_value_heat.png (PNG copy)> <./Graphs/hist_WTP_discr1.png (PNG
 copy)>] (alertsManuscript_PM3.aux)

LaTeX Font Warning: Size substitutions with differences
(Font)              up to 1.0pt have occurred.


LaTeX Warning: There were undefined references.


LaTeX Warning: Label(s) may have changed. Rerun to get cross-references right.


Package rerunfilecheck Warning: File `alertsManuscript_PM3.out' has changed.
(rerunfilecheck)                Rerun to get outlines right
(rerunfilecheck)                or use package `bookmark'.

Package rerunfilecheck Info: Checksums for `alertsManuscript_PM3.out':
(rerunfilecheck)             Before: <no file>
(rerunfilecheck)             After:  DDCA8626786816ADD211863A2E193351;1829.
 ) 
Here is how much of TeX's memory you used:
 14128 strings out of 478338
 231343 string characters out of 2846509
 602172 words of memory out of 3000000
 32174 multiletter control sequences out of 15000+600000
 478565 words of font info for 60 fonts, out of 8000000 for 9000
 1141 hyphenation exceptions out of 8191
 84i,15n,117p,2312b,595s stack positions out of 10000i,1000n,20000p,200000b,80000s

pdfTeX warning (dest): name{Hfootnote.6} has been referenced but does not exist
, replaced by a fixed one


pdfTeX warning (dest): name{Hfootnote.5} has been referenced but does not exist
, replaced by a fixed one


pdfTeX warning (dest): name{Hfootnote.4} has been referenced but does not exist
, replaced by a fixed one


pdfTeX warning (dest): name{Hfootnote.3} has been referenced but does not exist
, replaced by a fixed one


pdfTeX warning (dest): name{Hfootnote.2} has been referenced but does not exist
, replaced by a fixed one


pdfTeX warning (dest): name{Hfootnote.1} has been referenced but does not exist
, replaced by a fixed one

 <C:\Users\pjmcgee\AppData\Local\MiKTeX\fonts/pk/ljfour/jknappen/ec/dpi600\tcrm
1200.pk><C:/Program Files/MiKTeX/fonts/type1/public/amsfonts/cm/cmbx10.pfb><C:/
Program Files/MiKTeX/fonts/type1/public/amsfonts/cm/cmbx12.pfb><C:/Program File
s/MiKTeX/fonts/type1/public/amsfonts/cm/cmmi10.pfb><C:/Program Files/MiKTeX/fon
ts/type1/public/amsfonts/cm/cmmi12.pfb><C:/Program Files/MiKTeX/fonts/type1/pub
lic/amsfonts/cm/cmmi7.pfb><C:/Program Files/MiKTeX/fonts/type1/public/amsfonts/
cm/cmmi8.pfb><C:/Program Files/MiKTeX/fonts/type1/public/amsfonts/cm/cmr10.pfb>
<C:/Program Files/MiKTeX/fonts/type1/public/amsfonts/cm/cmr12.pfb><C:/Program F
iles/MiKTeX/fonts/type1/public/amsfonts/cm/cmr17.pfb><C:/Program Files/MiKTeX/f
onts/type1/public/amsfonts/cm/cmr6.pfb><C:/Program Files/MiKTeX/fonts/type1/pub
lic/amsfonts/cm/cmr7.pfb><C:/Program Files/MiKTeX/fonts/type1/public/amsfonts/c
m/cmr8.pfb><C:/Program Files/MiKTeX/fonts/type1/public/amsfonts/cm/cmsy10.pfb><
C:/Program Files/MiKTeX/fonts/type1/public/amsfonts/cm/cmsy6.pfb><C:/Program Fi
les/MiKTeX/fonts/type1/public/amsfonts/cm/cmsy7.pfb><C:/Program Files/MiKTeX/fo
nts/type1/public/amsfonts/cm/cmsy8.pfb><C:/Program Files/MiKTeX/fonts/type1/pub
lic/amsfonts/cm/cmti10.pfb><C:/Program Files/MiKTeX/fonts/type1/public/amsfonts
/cm/cmti12.pfb>
Output written on alertsManuscript_PM3.pdf (35 pages, 834369 bytes).
PDF statistics:
 349 PDF objects out of 1000 (max. 8388607)
 102 named destinations out of 1000 (max. 500000)
 46 words of extra memory for PDF output out of 10000 (max. 10000000)

