This is pdfTeX, Version 3.141592653-2.6-1.40.27 (MiKTeX 25.4) (preloaded format=pdflatex 2025.8.15)  20 MAR 2026 14:35
entering extended mode
 restricted \write18 enabled.
 %&-line parsing enabled.
**./Alerts_revision.tex
(Alerts_revision.tex
LaTeX2e <2025-06-01> patch level 1
L3 programming layer <2025-07-19>
(C:\Users\gaduh\AppData\Local\Programs\MiKTeX\tex/latex/base\article.cls
Document Class: article 2025/01/22 v1.4n Standard LaTeX document class
(C:\Users\gaduh\AppData\Local\Programs\MiKTeX\tex/latex/base\size12.clo
File: size12.clo 2025/01/22 v1.4n Standard LaTeX file (size option)
)
\c@part=\count275
\c@section=\count276
\c@subsection=\count277
\c@subsubsection=\count278
\c@paragraph=\count279
\c@subparagraph=\count280
\c@figure=\count281
\c@table=\count282
\abovecaptionskip=\skip49
\belowcaptionskip=\skip50
\bibindent=\dimen148
)
(C:\Users\gaduh\AppData\Local\Programs\MiKTeX\tex/latex/amsmath\amsmath.sty
Package: amsmath 2025/06/16 v2.17y AMS math features
\@mathmargin=\skip51

For additional information on amsmath, use the `?' option.
(C:\Users\gaduh\AppData\Local\Programs\MiKTeX\tex/latex/amsmath\amstext.sty
Package: amstext 2024/11/17 v2.01 AMS text

(C:\Users\gaduh\AppData\Local\Programs\MiKTeX\tex/latex/amsmath\amsgen.sty
File: amsgen.sty 1999/11/30 v2.0 generic functions
\@emptytoks=\toks17
\ex@=\dimen149
))
(C:\Users\gaduh\AppData\Local\Programs\MiKTeX\tex/latex/amsmath\amsbsy.sty
Package: amsbsy 1999/11/29 v1.2d Bold Symbols
\pmbraise@=\dimen150
)
(C:\Users\gaduh\AppData\Local\Programs\MiKTeX\tex/latex/amsmath\amsopn.sty
Package: amsopn 2022/04/08 v2.04 operator names
)
\inf@bad=\count283
LaTeX Info: Redefining \frac on input line 233.
\uproot@=\count284
\leftroot@=\count285
LaTeX Info: Redefining \overline on input line 398.
LaTeX Info: Redefining \colon on input line 409.
\classnum@=\count286
\DOTSCASE@=\count287
LaTeX Info: Redefining \ldots on input line 495.
LaTeX Info: Redefining \dots on input line 498.
LaTeX Info: Redefining \cdots on input line 619.
\Mathstrutbox@=\box53
\strutbox@=\box54
LaTeX Info: Redefining \big on input line 721.
LaTeX Info: Redefining \Big on input line 722.
LaTeX Info: Redefining \bigg on input line 723.
LaTeX Info: Redefining \Bigg on input line 724.
\big@size=\dimen151
LaTeX Font Info:    Redeclaring font encoding OML on input line 742.
LaTeX Font Info:    Redeclaring font encoding OMS on input line 743.
\macc@depth=\count288
LaTeX Info: Redefining \bmod on input line 904.
LaTeX Info: Redefining \pmod on input line 909.
LaTeX Info: Redefining \smash on input line 939.
LaTeX Info: Redefining \relbar on input line 969.
LaTeX Info: Redefining \Relbar on input line 970.
\c@MaxMatrixCols=\count289
\dotsspace@=\muskip17
\c@parentequation=\count290
\dspbrk@lvl=\count291
\tag@help=\toks18
\row@=\count292
\column@=\count293
\maxfields@=\count294
\andhelp@=\toks19
\eqnshift@=\dimen152
\alignsep@=\dimen153
\tagshift@=\dimen154
\tagwidth@=\dimen155
\totwidth@=\dimen156
\lineht@=\dimen157
\@envbody=\toks20
\multlinegap=\skip52
\multlinetaggap=\skip53
\mathdisplay@stack=\toks21
LaTeX Info: Redefining \[ on input line 2949.
LaTeX Info: Redefining \] on input line 2950.
)
(C:\Users\gaduh\AppData\Local\Programs\MiKTeX\tex/latex/amscls\amsthm.sty
Package: amsthm 2020/05/29 v2.20.6
\thm@style=\toks22
\thm@bodyfont=\toks23
\thm@headfont=\toks24
\thm@notefont=\toks25
\thm@headpunct=\toks26
\thm@preskip=\skip54
\thm@postskip=\skip55
\thm@headsep=\skip56
\dth@everypar=\toks27
)
(C:\Users\gaduh\AppData\Local\Programs\MiKTeX\tex/latex/geometry\geometry.sty
Package: geometry 2020/01/02 v5.9 Page Geometry

(C:\Users\gaduh\AppData\Local\Programs\MiKTeX\tex/latex/graphics\keyval.sty
Package: keyval 2022/05/29 v1.15 key=value parser (DPC)
\KV@toks@=\toks28
)
(C:\Users\gaduh\AppData\Local\Programs\MiKTeX\tex/generic/iftex\ifvtex.sty
Package: ifvtex 2019/10/25 v1.7 ifvtex legacy package. Use iftex instead.

(C:\Users\gaduh\AppData\Local\Programs\MiKTeX\tex/generic/iftex\iftex.sty
Package: iftex 2024/12/12 v1.0g TeX engine tests
))
\Gm@cnth=\count295
\Gm@cntv=\count296
\c@Gm@tempcnt=\count297
\Gm@bindingoffset=\dimen158
\Gm@wd@mp=\dimen159
\Gm@odd@mp=\dimen160
\Gm@even@mp=\dimen161
\Gm@layoutwidth=\dimen162
\Gm@layoutheight=\dimen163
\Gm@layouthoffset=\dimen164
\Gm@layoutvoffset=\dimen165
\Gm@dimlist=\toks29

(C:\Users\gaduh\AppData\Local\Programs\MiKTeX\tex/latex/geometry\geometry.cfg))
(C:\Users\gaduh\AppData\Local\Programs\MiKTeX\tex/latex/titlesec\titlesec.sty
Package: titlesec 2025/01/04 v2.17 Sectioning titles
\ttl@box=\box55
\beforetitleunit=\skip57
\aftertitleunit=\skip58
\ttl@plus=\dimen166
\ttl@minus=\dimen167
\ttl@toksa=\toks30
\titlewidth=\dimen168
\titlewidthlast=\dimen169
\titlewidthfirst=\dimen170
)

Package geometry Warning: Over-specification in `h'-direction.
    `width' (483.69684pt) is ignored.


Package geometry Warning: Over-specification in `v'-direction.
    `height' (731.23582pt) is ignored.

(C:\Users\gaduh\AppData\Local\Programs\MiKTeX\tex/latex/sectsty\sectsty.sty
Package: sectsty 2002/02/25 v2.0.2 Commands to change all sectional heading sty
les


LaTeX Warning: Command \underbar  has changed.
               Check if current package is valid.


LaTeX Warning: Command \underline  has changed.
               Check if current package is valid.

) (C:\Users\gaduh\AppData\Local\Programs\MiKTeX\tex/latex/natbib\natbib.sty
Package: natbib 2010/09/13 8.31b (PWD, AO)
\bibhang=\skip59
\bibsep=\skip60
LaTeX Info: Redefining \cite on input line 694.
\c@NAT@ctr=\count298
)
(C:\Users\gaduh\AppData\Local\Programs\MiKTeX\tex/latex/hyperref\hyperref.sty
Package: hyperref 2025-07-12 v7.01o Hypertext links for LaTeX

(C:\Users\gaduh\AppData\Local\Programs\MiKTeX\tex/latex/kvsetkeys\kvsetkeys.sty
Package: kvsetkeys 2022-10-05 v1.19 Key value parser (HO)
)
(C:\Users\gaduh\AppData\Local\Programs\MiKTeX\tex/generic/kvdefinekeys\kvdefine
keys.sty
Package: kvdefinekeys 2019-12-19 v1.6 Define keys (HO)
)
(C:\Users\gaduh\AppData\Local\Programs\MiKTeX\tex/generic/pdfescape\pdfescape.s
ty
Package: pdfescape 2019/12/09 v1.15 Implements pdfTeX's escape features (HO)

(C:\Users\gaduh\AppData\Local\Programs\MiKTeX\tex/generic/ltxcmds\ltxcmds.sty
Package: ltxcmds 2023-12-04 v1.26 LaTeX kernel commands for general use (HO)
)
(C:\Users\gaduh\AppData\Local\Programs\MiKTeX\tex/generic/pdftexcmds\pdftexcmds
.sty
Package: pdftexcmds 2020-06-27 v0.33 Utility functions of pdfTeX for LuaTeX (HO
)

(C:\Users\gaduh\AppData\Local\Programs\MiKTeX\tex/generic/infwarerr\infwarerr.s
ty
Package: infwarerr 2019/12/03 v1.5 Providing info/warning/error messages (HO)
)
Package pdftexcmds Info: \pdf@primitive is available.
Package pdftexcmds Info: \pdf@ifprimitive is available.
Package pdftexcmds Info: \pdfdraftmode found.
))
(C:\Users\gaduh\AppData\Local\Programs\MiKTeX\tex/latex/hycolor\hycolor.sty
Package: hycolor 2020-01-27 v1.10 Color options for hyperref/bookmark (HO)
)
(C:\Users\gaduh\AppData\Local\Programs\MiKTeX\tex/latex/hyperref\nameref.sty
Package: nameref 2025-06-21 v2.57 Cross-referencing by name of section

(C:\Users\gaduh\AppData\Local\Programs\MiKTeX\tex/latex/refcount\refcount.sty
Package: refcount 2019/12/15 v3.6 Data extraction from label references (HO)
)
(C:\Users\gaduh\AppData\Local\Programs\MiKTeX\tex/generic/gettitlestring\gettit
lestring.sty
Package: gettitlestring 2019/12/15 v1.6 Cleanup title references (HO)

(C:\Users\gaduh\AppData\Local\Programs\MiKTeX\tex/latex/kvoptions\kvoptions.sty
Package: kvoptions 2022-06-15 v3.15 Key value format for package options (HO)
))
\c@section@level=\count299
)
(C:\Users\gaduh\AppData\Local\Programs\MiKTeX\tex/latex/etoolbox\etoolbox.sty
Package: etoolbox 2025/02/11 v2.5l e-TeX tools for LaTeX (JAW)
\etb@tempcnta=\count300
)
(C:\Users\gaduh\AppData\Local\Programs\MiKTeX\tex/generic/stringenc\stringenc.s
ty
Package: stringenc 2019/11/29 v1.12 Convert strings between diff. encodings (HO
)
)
\@linkdim=\dimen171
\Hy@linkcounter=\count301
\Hy@pagecounter=\count302
 (C:\Users\gaduh\AppData\Local\Programs\MiKTeX\tex/latex/hyperref\pd1enc.def
File: pd1enc.def 2025-07-12 v7.01o Hyperref: PDFDocEncoding definition (HO)
Now handling font encoding PD1 ...
... no UTF-8 mapping file for font encoding PD1
) (C:\Users\gaduh\AppData\Local\Programs\MiKTeX\tex/generic/intcalc\intcalc.sty
Package: intcalc 2019/12/15 v1.3 Expandable calculations with integers (HO)
)
\Hy@SavedSpaceFactor=\count303
 (C:\Users\gaduh\AppData\Local\Programs\MiKTeX\tex/latex/hyperref\puenc.def
File: puenc.def 2025-07-12 v7.01o Hyperref: PDF Unicode definition (HO)
Now handling font encoding PU ...
... no UTF-8 mapping file for font encoding PU
)
Package hyperref Info: Hyper figures OFF on input line 4195.
Package hyperref Info: Link nesting OFF on input line 4200.
Package hyperref Info: Hyper index ON on input line 4203.
Package hyperref Info: Plain pages OFF on input line 4210.
Package hyperref Info: Backreferencing OFF on input line 4215.
Package hyperref Info: Implicit mode ON; LaTeX internals redefined.
Package hyperref Info: Bookmarks ON on input line 4462.
\c@Hy@tempcnt=\count304

(C:\Users\gaduh\AppData\Local\Programs\MiKTeX\tex/latex/url\url.sty
\Urlmuskip=\muskip18
Package: url 2013/09/16  ver 3.4  Verb mode for urls, etc.
)
LaTeX Info: Redefining \url on input line 4801.
\XeTeXLinkMargin=\dimen172

(C:\Users\gaduh\AppData\Local\Programs\MiKTeX\tex/generic/bitset\bitset.sty
Package: bitset 2019/12/09 v1.3 Handle bit-vector datatype (HO)

(C:\Users\gaduh\AppData\Local\Programs\MiKTeX\tex/generic/bigintcalc\bigintcalc
.sty
Package: bigintcalc 2019/12/15 v1.5 Expandable calculations on big integers (HO
)
))
\Fld@menulength=\count305
\Field@Width=\dimen173
\Fld@charsize=\dimen174
Package hyperref Info: Hyper figures OFF on input line 6078.
Package hyperref Info: Link nesting OFF on input line 6083.
Package hyperref Info: Hyper index ON on input line 6086.
Package hyperref Info: backreferencing OFF on input line 6093.
Package hyperref Info: Link coloring OFF on input line 6098.
Package hyperref Info: Link coloring with OCG OFF on input line 6103.
Package hyperref Info: PDF/A mode OFF on input line 6108.
\Hy@abspage=\count306
\c@Item=\count307
\c@Hfootnote=\count308
)
Package hyperref Info: Driver (autodetected): hpdftex.

(C:\Users\gaduh\AppData\Local\Programs\MiKTeX\tex/latex/hyperref\hpdftex.def
File: hpdftex.def 2025-07-12 v7.01o Hyperref driver for pdfTeX
\Fld@listcount=\count309
\c@bookmark@seq@number=\count310

(C:\Users\gaduh\AppData\Local\Programs\MiKTeX\tex/latex/rerunfilecheck\rerunfil
echeck.sty
Package: rerunfilecheck 2025-06-21 v1.11 Rerun checks for auxiliary files (HO)

(C:\Users\gaduh\AppData\Local\Programs\MiKTeX\tex/generic/uniquecounter\uniquec
ounter.sty
Package: uniquecounter 2019/12/15 v1.4 Provide unlimited unique counter (HO)
)
Package uniquecounter Info: New unique counter `rerunfilecheck' on input line 2
84.
)
\Hy@SectionHShift=\skip61
)
(C:\Users\gaduh\AppData\Local\Programs\MiKTeX\tex/latex/multirow\multirow.sty
Package: multirow 2024/11/12 v2.9 Span multiple rows of a table
\multirow@colwidth=\skip62
\multirow@cntb=\count311
\multirow@dima=\skip63
\bigstrutjot=\dimen175
)
(C:\Users\gaduh\AppData\Local\Programs\MiKTeX\tex/latex/makecell\makecell.sty
Package: makecell 2009/08/03 V0.1e Managing of Tab Column Heads and Cells

(C:\Users\gaduh\AppData\Local\Programs\MiKTeX\tex/latex/tools\array.sty
Package: array 2025/06/08 v2.6j Tabular extension package (FMi)
\col@sep=\dimen176
\ar@mcellbox=\box56
\extrarowheight=\dimen177
\NC@list=\toks31
\extratabsurround=\skip64
\backup@length=\skip65
\ar@cellbox=\box57
)
\rotheadsize=\dimen178
\c@nlinenum=\count312
\TeXr@lab=\toks32
)
(C:\Users\gaduh\AppData\Local\Programs\MiKTeX\tex/latex/adjustbox\adjustbox.sty
Package: adjustbox 2025/02/26 v1.3c Adjusting TeX boxes (trim, clip, ...)
(C:\Users\gaduh\AppData\Local\Programs\MiKTeX\tex/latex/xkeyval\xkeyval.sty
Package: xkeyval 2022/06/16 v2.9 package option processing (HA)

(C:\Users\gaduh\AppData\Local\Programs\MiKTeX\tex/generic/xkeyval\xkeyval.tex
(C:\Users\gaduh\AppData\Local\Programs\MiKTeX\tex/generic/xkeyval\xkvutils.tex
\XKV@toks=\toks33
\XKV@tempa@toks=\toks34
)
\XKV@depth=\count313
File: xkeyval.tex 2014/12/03 v2.7a key=value parser (HA)
))
(C:\Users\gaduh\AppData\Local\Programs\MiKTeX\tex/latex/adjustbox\adjcalc.sty
Package: adjcalc 2012/05/16 v1.1 Provides advanced setlength with multiple back
-ends (calc, etex, pgfmath)
)
(C:\Users\gaduh\AppData\Local\Programs\MiKTeX\tex/latex/adjustbox\trimclip.sty
Package: trimclip 2025/02/21 v1.2a Trim and clip general TeX material

(C:\Users\gaduh\AppData\Local\Programs\MiKTeX\tex/latex/graphics\graphicx.sty
Package: graphicx 2024/12/31 v1.2e Enhanced LaTeX Graphics (DPC,SPQR)

(C:\Users\gaduh\AppData\Local\Programs\MiKTeX\tex/latex/graphics\graphics.sty
Package: graphics 2024/08/06 v1.4g Standard LaTeX Graphics (DPC,SPQR)

(C:\Users\gaduh\AppData\Local\Programs\MiKTeX\tex/latex/graphics\trig.sty
Package: trig 2023/12/02 v1.11 sin cos tan (DPC)
)
(C:\Users\gaduh\AppData\Local\Programs\MiKTeX\tex/latex/graphics-cfg\graphics.c
fg
File: graphics.cfg 2016/06/04 v1.11 sample graphics configuration
)
Package graphics Info: Driver file: pdftex.def on input line 106.

(C:\Users\gaduh\AppData\Local\Programs\MiKTeX\tex/latex/graphics-def\pdftex.def
File: pdftex.def 2024/04/13 v1.2c Graphics/color driver for pdftex
))
\Gin@req@height=\dimen179
\Gin@req@width=\dimen180
)
(C:\Users\gaduh\AppData\Local\Programs\MiKTeX\tex/latex/collectbox\collectbox.s
ty
Package: collectbox 2022/10/17 v0.4c Collect macro arguments as boxes
\collectedbox=\box58
)
\tc@llx=\dimen181
\tc@lly=\dimen182
\tc@urx=\dimen183
\tc@ury=\dimen184
Package trimclip Info: Using driver 'tc-pdftex.def'.

(C:\Users\gaduh\AppData\Local\Programs\MiKTeX\tex/latex/adjustbox\tc-pdftex.def
File: tc-pdftex.def 2025/02/26 v2.3 Clipping driver for pdftex
))
\adjbox@Width=\dimen185
\adjbox@Height=\dimen186
\adjbox@Depth=\dimen187
\adjbox@Totalheight=\dimen188
\adjbox@pwidth=\dimen189
\adjbox@pheight=\dimen190
\adjbox@pdepth=\dimen191
\adjbox@ptotalheight=\dimen192

(C:\Users\gaduh\AppData\Local\Programs\MiKTeX\tex/latex/ifoddpage\ifoddpage.sty
Package: ifoddpage 2022/10/18 v1.2 Conditionals for odd/even page detection
\c@checkoddpage=\count314
) (C:\Users\gaduh\AppData\Local\Programs\MiKTeX\tex/latex/varwidth\varwidth.sty
Package: varwidth 2009/03/30 ver 0.92;  Variable-width minipages
\@vwid@box=\box59
\sift@deathcycles=\count315
\@vwid@loff=\dimen193
\@vwid@roff=\dimen194
)
==> First Aid for varwidth.sty applied!
)
(C:\Users\gaduh\AppData\Local\Programs\MiKTeX\tex/latex/threeparttable\threepar
ttable.sty
Package: threeparttable 2003/06/13  v 3.0
\@tempboxb=\box60
)
(C:\Users\gaduh\AppData\Local\Programs\MiKTeX\tex/generic/soul\soul.sty
Package: soul 2023-06-14 v3.1 Permit use of UTF-8 characters in soul (HO)

(C:\Users\gaduh\AppData\Local\Programs\MiKTeX\tex/generic/soul\soul-ori.sty
Package: soul-ori 2023-06-14 v3.1 letterspacing/underlining (mf)
\SOUL@word=\toks35
\SOUL@lasttoken=\toks36
\SOUL@syllable=\toks37
\SOUL@cmds=\toks38
\SOUL@buffer=\toks39
\SOUL@token=\toks40
\SOUL@syllgoal=\dimen195
\SOUL@syllwidth=\dimen196
\SOUL@charkern=\dimen197
\SOUL@hyphkern=\dimen198
\SOUL@dimen=\dimen199
\SOUL@dimeni=\dimen256
\SOUL@minus=\count316
\SOUL@comma=\count317
\SOUL@apo=\count318
\SOUL@grave=\count319
\SOUL@spaceskip=\skip66
\SOUL@ttwidth=\dimen257
\SOUL@uldp=\dimen258
\SOUL@ulht=\dimen259
)
(C:\Users\gaduh\AppData\Local\Programs\MiKTeX\tex/generic/etexcmds\etexcmds.sty
Package: etexcmds 2019/12/15 v1.7 Avoid name clashes with e-TeX commands (HO)
))
(C:\Users\gaduh\AppData\Local\Programs\MiKTeX\tex/latex/appendix\appendix.sty
Package: appendix 2020/02/08 v1.2c extra appendix facilities
\c@@pps=\count320
\c@@ppsavesec=\count321
\c@@ppsaveapp=\count322
)
(C:\Users\gaduh\AppData\Local\Programs\MiKTeX\tex/latex/caption\caption.sty
Package: caption 2023/08/05 v3.6o Customizing captions (AR)

(C:\Users\gaduh\AppData\Local\Programs\MiKTeX\tex/latex/caption\caption3.sty
Package: caption3 2023/07/31 v2.4d caption3 kernel (AR)
\caption@tempdima=\dimen260
\captionmargin=\dimen261
\caption@leftmargin=\dimen262
\caption@rightmargin=\dimen263
\caption@width=\dimen264
\caption@indent=\dimen265
\caption@parindent=\dimen266
\caption@hangindent=\dimen267
Package caption Info: Standard document class detected.
)
\c@caption@flags=\count323
\c@continuedfloat=\count324
Package caption Info: hyperref package is loaded.
Package caption Info: threeparttable package is loaded.
)
(C:\Users\gaduh\AppData\Local\Programs\MiKTeX\tex/latex/xcolor\xcolor.sty
Package: xcolor 2024/09/29 v3.02 LaTeX color extensions (UK)

(C:\Users\gaduh\AppData\Local\Programs\MiKTeX\tex/latex/graphics-cfg\color.cfg
File: color.cfg 2016/01/02 v1.6 sample color configuration
)
Package xcolor Info: Driver file: pdftex.def on input line 274.
(C:\Users\gaduh\AppData\Local\Programs\MiKTeX\tex/latex/graphics\mathcolor.ltx)
Package xcolor Info: Model `cmy' substituted by `cmy0' on input line 1349.
Package xcolor Info: Model `hsb' substituted by `rgb' on input line 1353.
Package xcolor Info: Model `RGB' extended on input line 1365.
Package xcolor Info: Model `HTML' substituted by `rgb' on input line 1367.
Package xcolor Info: Model `Hsb' substituted by `hsb' on input line 1368.
Package xcolor Info: Model `tHsb' substituted by `hsb' on input line 1369.
Package xcolor Info: Model `HSB' substituted by `hsb' on input line 1370.
Package xcolor Info: Model `Gray' substituted by `gray' on input line 1371.
Package xcolor Info: Model `wave' substituted by `hsb' on input line 1372.
) (C:\Users\gaduh\AppData\Local\Programs\MiKTeX\tex/latex/graphics\dvipsnam.def
File: dvipsnam.def 2016/06/17 v3.0m Driver-dependent file (DPC,SPQR)
) (C:\Users\gaduh\AppData\Local\Programs\MiKTeX\tex/latex/booktabs\booktabs.sty
Package: booktabs 2020/01/12 v1.61803398 Publication quality tables
\heavyrulewidth=\dimen268
\lightrulewidth=\dimen269
\cmidrulewidth=\dimen270
\belowrulesep=\dimen271
\belowbottomsep=\dimen272
\aboverulesep=\dimen273
\abovetopsep=\dimen274
\cmidrulesep=\dimen275
\cmidrulekern=\dimen276
\defaultaddspace=\dimen277
\@cmidla=\count325
\@cmidlb=\count326
\@aboverulesep=\dimen278
\@belowrulesep=\dimen279
\@thisruleclass=\count327
\@lastruleclass=\count328
\@thisrulewidth=\dimen280
) (C:\Users\gaduh\AppData\Local\Programs\MiKTeX\tex/latex/float\float.sty
Package: float 2001/11/08 v1.3d Float enhancements (AL)
\c@float@type=\count329
\float@exts=\toks41
\float@box=\box61
\@float@everytoks=\toks42
\@floatcapt=\box62
)
(C:\Users\gaduh\AppData\Local\Programs\MiKTeX\tex/latex/setspace\setspace.sty
Package: setspace 2022/12/04 v6.7b set line spacing
)
(C:\Users\gaduh\AppData\Local\Programs\MiKTeX\tex/latex/placeins\placeins.sty
Package: placeins 2005/04/18  v 2.2
)
(C:\Users\gaduh\AppData\Local\Programs\MiKTeX\tex/latex/caption\subcaption.sty
Package: subcaption 2023/07/28 v1.6b Sub-captions (AR)
Package caption Info: New subtype `subfigure' on input line 238.
\c@subfigure=\count330
Package caption Info: New subtype `subtable' on input line 238.
\c@subtable=\count331
)
\c@theorem=\count332
\c@hypothesis=\count333
\c@result=\count334

(C:\Users\gaduh\AppData\Local\Programs\MiKTeX\tex/latex/l3backend\l3backend-pdf
tex.def
File: l3backend-pdftex.def 2025-06-09 L3 backend support: PDF output (pdfTeX)
\l__color_backend_stack_int=\count335
) (Alerts_revision.aux)
\openout1 = `Alerts_revision.aux'.

LaTeX Font Info:    Checking defaults for OML/cmm/m/it on input line 88.
LaTeX Font Info:    ... okay on input line 88.
LaTeX Font Info:    Checking defaults for OMS/cmsy/m/n on input line 88.
LaTeX Font Info:    ... okay on input line 88.
LaTeX Font Info:    Checking defaults for OT1/cmr/m/n on input line 88.
LaTeX Font Info:    ... okay on input line 88.
LaTeX Font Info:    Checking defaults for T1/cmr/m/n on input line 88.
LaTeX Font Info:    ... okay on input line 88.
LaTeX Font Info:    Checking defaults for TS1/cmr/m/n on input line 88.
LaTeX Font Info:    ... okay on input line 88.
LaTeX Font Info:    Checking defaults for OMX/cmex/m/n on input line 88.
LaTeX Font Info:    ... okay on input line 88.
LaTeX Font Info:    Checking defaults for U/cmr/m/n on input line 88.
LaTeX Font Info:    ... okay on input line 88.
LaTeX Font Info:    Checking defaults for PD1/pdf/m/n on input line 88.
LaTeX Font Info:    ... okay on input line 88.
LaTeX Font Info:    Checking defaults for PU/pdf/m/n on input line 88.
LaTeX Font Info:    ... okay on input line 88.

*geometry* driver: auto-detecting
*geometry* detected driver: pdftex
*geometry* verbose mode - [ preamble ] result:
* driver: pdftex
* paper: a4paper
* layout: <same size as paper>
* layoutoffset:(h,v)=(0.0pt,0.0pt)
* modes: 
* h-part:(L,W,R)=(56.9055pt, 483.69687pt, 56.9055pt)
* v-part:(T,H,B)=(71.13188pt, 702.78308pt, 71.13188pt)
* \paperwidth=597.50787pt
* \paperheight=845.04684pt
* \textwidth=483.69687pt
* \textheight=702.78308pt
* \oddsidemargin=-15.36449pt
* \evensidemargin=-15.36449pt
* \topmargin=-38.1381pt
* \headheight=12.0pt
* \headsep=25.0pt
* \topskip=12.0pt
* \footskip=30.0pt
* \marginparwidth=35.0pt
* \marginparsep=10.0pt
* \columnsep=10.0pt
* \skip\footins=10.8pt plus 4.0pt minus 2.0pt
* \hoffset=0.0pt
* \voffset=0.0pt
* \mag=1000
* \@twocolumnfalse
* \@twosidefalse
* \@mparswitchfalse
* \@reversemarginfalse
* (1in=72.27pt=25.4mm, 1cm=28.453pt)

Package hyperref Info: Link coloring OFF on input line 88.
(Alerts_revision.out) (Alerts_revision.out)
\@outlinefile=\write3
\openout3 = `Alerts_revision.out'.


(C:\Users\gaduh\AppData\Local\Programs\MiKTeX\tex/context/base/mkii\supp-pdf.mk
ii
[Loading MPS to PDF converter (version 2006.09.02).]
\scratchcounter=\count336
\scratchdimen=\dimen281
\scratchbox=\box63
\nofMPsegments=\count337
\nofMParguments=\count338
\everyMPshowfont=\toks43
\MPscratchCnt=\count339
\MPscratchDim=\dimen282
\MPnumerator=\count340
\makeMPintoPDFobject=\count341
\everyMPtoPDFconversion=\toks44
)
(C:\Users\gaduh\AppData\Local\Programs\MiKTeX\tex/latex/epstopdf-pkg\epstopdf-b
ase.sty
Package: epstopdf-base 2020-01-24 v2.11 Base part for package epstopdf
Package epstopdf-base Info: Redefining graphics rule for `.eps' on input line 4
85.

(C:\Users\gaduh\AppData\Local\Programs\MiKTeX\tex/latex/00miktex\epstopdf-sys.c
fg
File: epstopdf-sys.cfg 2021/03/18 v2.0 Configuration of epstopdf for MiKTeX
))
Package caption Info: Begin \AtBeginDocument code.
Package caption Info: float package is loaded.
Package caption Info: End \AtBeginDocument code.


[1

{C:/Users/gaduh/AppData/Local/MiKTeX/fonts/map/pdftex/pdftex.map}]

Package natbib Warning: Citation `brown_oil_2010' on page 2 undefined on input 
line 115.


Package natbib Warning: Citation `rabin_reversal_2024' on page 2 undefined on i
nput line 115.


Package natbib Warning: Citation `fawcett_introduction_2006' on page 2 undefine
d on input line 117.


Package natbib Warning: Citation `schwartz_enthusiasm_2004' on page 2 undefined
 on input line 130.


Package natbib Warning: Citation `neumann_willingness--pay_2012' on page 2 unde
fined on input line 130.


Package natbib Warning: Citation `schwartz_enthusiasm_2004' on page 2 undefined
 on input line 130.


Package natbib Warning: Citation `howard_does_2009' on page 2 undefined on inpu
t line 130.



[2]

Package natbib Warning: Citation `hoffman_how_2016' on page 3 undefined on inpu
t line 132.


Package natbib Warning: Citation `ambuehl_belief_2018' on page 3 undefined on i
nput line 132.


Package natbib Warning: Citation `xu_revealed_2022' on page 3 undefined on inpu
t line 132.


Package natbib Warning: Citation `MontanariNunnari2023' on page 3 undefined on 
input line 132.


Package natbib Warning: Citation `ambuehl_belief_2018' on page 3 undefined on i
nput line 132.


Package natbib Warning: Citation `xu_revealed_2022' on page 3 undefined on inpu
t line 132.


Package natbib Warning: Citation `ambuehl_belief_2018' on page 3 undefined on i
nput line 135.


Package natbib Warning: Citation `friedl_insurance_2014' on page 3 undefined on
 input line 137.


Package natbib Warning: Citation `kousky_understanding_2011' on page 3 undefine
d on input line 137.


Package natbib Warning: Citation `volkman-wise_representativeness_2015' on page
 3 undefined on input line 137.


Package natbib Warning: Citation `laury_insurance_2009' on page 3 undefined on 
input line 137.


LaTeX Warning: Reference `sec:design' on page 3 undefined on input line 139.


LaTeX Warning: Reference `sec:sanity' on page 3 undefined on input line 139.


LaTeX Warning: Reference `sec:results' on page 3 undefined on input line 139.


LaTeX Warning: Reference `sec:discussion' on page 3 undefined on input line 139
.


LaTeX Warning: Reference `sec:conclusion' on page 3 undefined on input line 139
.



[3]

Package amsmath Warning: Foreign command \over;
(amsmath)                \frac or \genfrac should be used instead
(amsmath)                 on input line 153.


Underfull \hbox (badness 10000) in paragraph at lines 163--165

 []



[4]

LaTeX Warning: Reference `eq:devVal' on page 5 undefined on input line 189.



[5]

[6]

LaTeX Warning: Reference `eq:senFP' on page 7 undefined on input line 243.


LaTeX Warning: Reference `eq:senFN' on page 7 undefined on input line 243.


LaTeX Warning: Reference `eq:rnWTP' on page 7 undefined on input line 258.



[7]

Package natbib Warning: Citation `coutts_good_2019' on page 8 undefined on inpu
t line 271.


LaTeX Warning: Reference `fig:Gremlins' on page 8 undefined on input line 271.

<Graphs/gremlins1.png, id=145, 560.8453pt x 273.27094pt>
File: Graphs/gremlins1.png Graphic file (type png)
<use Graphs/gremlins1.png>
Package pdftex.def Info: Graphs/gremlins1.png  used on input line 276.
(pdftex.def)             Requested size: 290.22107pt x 141.4095pt.


[8]

Package natbib Warning: Citation `grether_testing_1992' on page 9 undefined on 
input line 284.


Package natbib Warning: Citation `holt_update_2009' on page 9 undefined on inpu
t line 284.


Package natbib Warning: Citation `karni_mechanism_2009-1' on page 9 undefined o
n input line 284.


Package natbib Warning: Citation `danz_belief_2020' on page 9 undefined on inpu
t line 284.


Package natbib Warning: Citation `toplak_assessing_2014' on page 9 undefined on
 input line 288.



[9 <./Graphs/gremlins1.png>]

LaTeX Warning: Reference `tab:treatments' on page 10 undefined on input line 29
0.


LaTeX Warning: Reference `fig:Value_hist' on page 10 undefined on input line 29
0.

(Tables/table_treatments_new.tex)

[10]

LaTeX Warning: Reference `sec:results' on page 11 undefined on input line 309.


LaTeX Font Warning: Font shape `OT1/cmr/bx/n' in size <13> not available
(Font)              size <12> substituted on input line 311.


LaTeX Warning: Reference `fig:ProtResponse' on page 11 undefined on input line 
313.


Package natbib Warning: Citation `filippin_reconsideration_2016' on page 11 und
efined on input line 315.


Package natbib Warning: Citation `holt_risk_2002' on page 11 undefined on input
 line 315.


LaTeX Warning: Reference `fig:ProtResponse' on page 11 undefined on input line 
324.



[11]
<Graphs/ip_response_comp.png, id=180, 1204.5pt x 803.0pt>
File: Graphs/ip_response_comp.png Graphic file (type png)
<use Graphs/ip_response_comp.png>
Package pdftex.def Info: Graphs/ip_response_comp.png  used on input line 332.
(pdftex.def)             Requested size: 338.58632pt x 225.72067pt.


LaTeX Warning: Reference `tab:nonparIP' on page 12 undefined on input line 337.



LaTeX Warning: Reference `tab:nonparIP_A' on page 12 undefined on input line 33
7.


LaTeX Warning: Reference `tab:nonparIP' on page 12 undefined on input line 337.




[12 <./Graphs/ip_response_comp.png (PNG copy)>]
Overfull \hbox (2.19304pt too wide) in paragraph at lines 354--354
 []|\OT1/cmr/bx/n/12 Posterior| 
 []

(Tables/bigpicture_IP_AU_cl.tex)
<Graphs/hist_belief_errorw.png, id=189, 1204.5pt x 803.0pt>
File: Graphs/hist_belief_errorw.png Graphic file (type png)
<use Graphs/hist_belief_errorw.png>
Package pdftex.def Info: Graphs/hist_belief_errorw.png  used on input line 389.

(pdftex.def)             Requested size: 232.17242pt x 154.77708pt.
Package hyperref Info: bookmark level for unknown subfigure defaults to 0 on in
put line 389.
<Graphs/updating_s1.png, id=190, 1204.5pt x 803.0pt>
File: Graphs/updating_s1.png Graphic file (type png)
<use Graphs/updating_s1.png>
Package pdftex.def Info: Graphs/updating_s1.png  used on input line 391.
(pdftex.def)             Requested size: 232.17242pt x 154.77708pt.
<Graphs/hist_belief_error_s5w.png, id=191, 1204.5pt x 803.0pt>
File: Graphs/hist_belief_error_s5w.png Graphic file (type png)
<use Graphs/hist_belief_error_s5w.png>
Package pdftex.def Info: Graphs/hist_belief_error_s5w.png  used on input line 3
94.
(pdftex.def)             Requested size: 232.17242pt x 154.77708pt.
<Graphs/updating_s5.png, id=192, 1204.5pt x 803.0pt>
File: Graphs/updating_s5.png Graphic file (type png)
<use Graphs/updating_s5.png>
Package pdftex.def Info: Graphs/updating_s5.png  used on input line 396.
(pdftex.def)             Requested size: 232.17242pt x 154.77708pt.
<Graphs/hist_belief_error_s4w.png, id=193, 1204.5pt x 803.0pt>
File: Graphs/hist_belief_error_s4w.png Graphic file (type png)
<use Graphs/hist_belief_error_s4w.png>
Package pdftex.def Info: Graphs/hist_belief_error_s4w.png  used on input line 3
99.
(pdftex.def)             Requested size: 232.17242pt x 154.77708pt.
<Graphs/updating_s4.png, id=194, 1204.5pt x 803.0pt>
File: Graphs/updating_s4.png Graphic file (type png)
<use Graphs/updating_s4.png>
Package pdftex.def Info: Graphs/updating_s4.png  used on input line 401.
(pdftex.def)             Requested size: 232.17242pt x 154.77708pt.


[13]

LaTeX Warning: Reference `fig:BeliefUpdate' on page 14 undefined on input line 
412.



[14 <./Graphs/hist_belief_errorw.png (PNG copy)> <./Graphs/updating_s1.png (PNG
 copy)> <./Graphs/hist_belief_error_s5w.png (PNG copy)> <./Graphs/updating_s5.p
ng (PNG copy)> <./Graphs/hist_belief_error_s4w.png (PNG copy)> <./Graphs/updati
ng_s4.png (PNG copy)>]

Package natbib Warning: Citation `phillips_conservatism_1966-1' on page 15 unde
fined on input line 419.


Package natbib Warning: Citation `tversky_belief_1971' on page 15 undefined on 
input line 419.


Package natbib Warning: Citation `kahneman_subjective_1972' on page 15 undefine
d on input line 419.


Package natbib Warning: Citation `grether_bayes_1980' on page 15 undefined on i
nput line 419.


LaTeX Warning: Reference `belief_decomposition' on page 15 undefined on input l
ine 419.


Package natbib Warning: Citation `benjamin_chapter_2019' on page 15 undefined o
n input line 419.


Overfull \hbox (2.19304pt too wide) in paragraph at lines 436--436
 []|\OT1/cmr/bx/n/12 Posterior| 
 []

(Tables/bigpicture_bel_AU_cl.tex)

[15]

LaTeX Warning: Reference `tab:nonparError' on page 16 undefined on input line 4
58.


LaTeX Warning: Reference `tab:nonparError_A' on page 16 undefined on input line
 458.



[16]

LaTeX Warning: Reference `eq:rnWTP' on page 17 undefined on input line 482.


LaTeX Warning: Reference `fig:WTPhist' on page 17 undefined on input line 482.


LaTeX Warning: Reference `fig:BeliefUpdate' on page 17 undefined on input line 
482.

<Graphs/hist_WTP_discr1_w.png, id=225, 1204.5pt x 803.0pt>
File: Graphs/hist_WTP_discr1_w.png Graphic file (type png)
<use Graphs/hist_WTP_discr1_w.png>
Package pdftex.def Info: Graphs/hist_WTP_discr1_w.png  used on input line 488.
(pdftex.def)             Requested size: 232.17242pt x 154.77708pt.
<Graphs/hist_WTP_discr1fp.png, id=226, 1204.5pt x 803.0pt>
File: Graphs/hist_WTP_discr1fp.png Graphic file (type png)
<use Graphs/hist_WTP_discr1fp.png>
Package pdftex.def Info: Graphs/hist_WTP_discr1fp.png  used on input line 490.
(pdftex.def)             Requested size: 232.17242pt x 154.77708pt.
<Graphs/hist_WTP_discr1fn_w.png, id=227, 1204.5pt x 803.0pt>
File: Graphs/hist_WTP_discr1fn_w.png Graphic file (type png)
<use Graphs/hist_WTP_discr1fn_w.png>
Package pdftex.def Info: Graphs/hist_WTP_discr1fn_w.png  used on input line 493
.
(pdftex.def)             Requested size: 232.17242pt x 154.77708pt.
<Graphs/hist_WTP_discr1fpfn_w.png, id=228, 1204.5pt x 803.0pt>
File: Graphs/hist_WTP_discr1fpfn_w.png Graphic file (type png)
<use Graphs/hist_WTP_discr1fpfn_w.png>
Package pdftex.def Info: Graphs/hist_WTP_discr1fpfn_w.png  used on input line 4
95.
(pdftex.def)             Requested size: 232.17242pt x 154.77708pt.


[17]

LaTeX Warning: Reference `tab:wtpdis_by_stype' on page 18 undefined on input li
ne 505.

(Tables/bigpicture_wtp_det_cl.tex)

[18 <./Graphs/hist_WTP_discr1_w.png (PNG copy)> <./Graphs/hist_WTP_discr1fp.png
 (PNG copy)> <./Graphs/hist_WTP_discr1fn_w.png (PNG copy)> <./Graphs/hist_WTP_d
iscr1fpfn_w.png (PNG copy)>] (Tables/wtpdiff_ols_cl.tex) (wtp_reg_footnote.tex)

LaTeX Warning: Reference `tab:wtp_ols_cl' on page 19 undefined on input line 57
3.



[19]

[20]

LaTeX Warning: Reference `thm:riskAverse2' on page 21 undefined on input line 5
80.


LaTeX Warning: Reference `wtp_dem' on page 21 undefined on input line 586.



[21]

LaTeX Warning: Reference `tab:wtp_ols_cl' on page 22 undefined on input line 59
0.


LaTeX Warning: Reference `tab:wtp_tobit' on page 22 undefined on input line 596
.


LaTeX Warning: Reference `eq:dWTP_dFP' on page 22 undefined on input line 602.


LaTeX Warning: Reference `eq:dWTP_dFN' on page 22 undefined on input line 602.


LaTeX Warning: Reference `sec:model' on page 22 undefined on input line 602.

<Graphs/sensit_comparison.png, id=264, 1003.75pt x 602.25pt>
File: Graphs/sensit_comparison.png Graphic file (type png)
<use Graphs/sensit_comparison.png>
Package pdftex.def Info: Graphs/sensit_comparison.png  used on input line 609.
(pdftex.def)             Requested size: 386.95897pt x 232.1748pt.


[22]

LaTeX Warning: Reference `fig:Comparison' on page 23 undefined on input line 62
0.


LaTeX Warning: Reference `eq:tobit' on page 23 undefined on input line 620.


LaTeX Warning: Reference `tab:wtp_ols_cl' on page 23 undefined on input line 62
6.


LaTeX Warning: Reference `tab:wtp_risk' on page 23 undefined on input line 626.




[23 <./Graphs/sensit_comparison.png (PNG copy)>]

Package natbib Warning: Citation `quiggin_theory_1982' on page 24 undefined on 
input line 628.


Package natbib Warning: Citation `gonzalez_shape_1999' on page 24 undefined on 
input line 646.



[24]

Package natbib Warning: Citation `eliaz_paying_2010' on page 25 undefined on in
put line 650.


Package natbib Warning: Citation `ganguly_fantasy_2017' on page 25 undefined on
 input line 650.


Package natbib Warning: Citation `Masatlioglu2023' on page 25 undefined on inpu
t line 650.


Package natbib Warning: Citation `Masatlioglu2023' on page 25 undefined on inpu
t line 650.


Package natbib Warning: Citation `OliverosZultan2025' on page 25 undefined on i
nput line 650.



[25]

LaTeX Warning: Reference `tab:wtp_ols_cl' on page 26 undefined on input line 66
9.



[26]

Package natbib Warning: Citation `MontanariNunnari2023' on page 27 undefined on
 input line 677.


Package natbib Warning: Citation `CharnessOpreaYuksel2021' on page 27 undefined
 on input line 677.


LaTeX Warning: Reference `fig:Comparison' on page 27 undefined on input line 67
7.


LaTeX Warning: Reference `fig:Comparison' on page 27 undefined on input line 67
7.

(Tables/table_be_err_AU_cl.tex)

LaTeX Warning: Reference `updateErrorReg' on page 27 undefined on input line 71
2.


LaTeX Warning: Reference `tab:protectReg' on page 27 undefined on input line 71
4.



[27] (Tables/table_ip_flex_AU.tex)

[28]

Package natbib Warning: Citation `aina_contingent_2023' on page 29 undefined on
 input line 751.



[29]

Package natbib Warning: Citation `hoffrage_natural_2015' on page 30 undefined o
n input line 758.


Package natbib Warning: Citation `mcdowell_meta-analysis_2017' on page 30 undef
ined on input line 758.



[30] (Alerts_revision.bbl

[31

]

[32]
Underfull \hbox (badness 1383) in paragraph at lines 201--205
[]\OT1/cmr/bx/n/12 Toplak, Mag-gie E., Richard F. West, and Keith E. Stanovich.
 \OT1/cmr/m/n/12 2014. ``As-
 []


Underfull \hbox (badness 5064) in paragraph at lines 201--205
\OT1/cmr/m/n/12 sess-ing miserly in-for-ma-tion pro-cess-ing: An ex-pan-sion of
 the Cog-ni-tive Re-flec-
 []


Underfull \hbox (badness 2538) in paragraph at lines 201--205
\OT1/cmr/m/n/12 tion Test.'' \OT1/cmr/m/it/12 Think-ing & Rea-son-ing\OT1/cmr/m
/n/12 , 20(2): 147--168. Pub-lisher: Rout-ledge []eprint:
 []

)

[33] (Tables/demography.tex)
Overfull \hbox (2.19304pt too wide) in paragraph at lines 811--811
 []|\OT1/cmr/bx/n/12 Posterior| 
 []

(Tables/bigpicture_IPd_AU_cl.tex) (Tables/table_be3_AU_cl.tex)

LaTeX Warning: `!h' float specifier changed to `!ht'.


Overfull \hbox (2.19304pt too wide) in paragraph at lines 865--865
 []|\OT1/cmr/bx/n/12 Posterior| 
 []

(Tables/bigpicture_beld_AU_cl.tex)

[34] (Tables/table_wtpdiff_02_AU_cl.tex)

LaTeX Warning: `!h' float specifier changed to `!ht'.

(Tables/wtp_het_risk_AU_cl.tex) (Tables/wtpdiff_tobit.tex)
(wtp_reg_footnote.tex) (Tables/wtpdiff_ols_bias.tex) (wtp_reg_footnote.tex)

[35]

[36]

[37]

[38]

[39]
<Graphs/hist_value.png, id=432, 1204.5pt x 803.0pt>
File: Graphs/hist_value.png Graphic file (type png)
<use Graphs/hist_value.png>
Package pdftex.def Info: Graphs/hist_value.png  used on input line 1024.
(pdftex.def)             Requested size: 386.95897pt x 257.96997pt.


[40

 <./Graphs/hist_value.png (PNG copy)>]

[41]

[42]

[43]

[44]

[45]

[46]

[47]

[48]

[49]

[50]

[51]

Package natbib Warning: There were undefined citations.



[52] (Alerts_revision.aux

Package natbib Warning: Citation(s) may have changed.
(natbib)                Rerun to get citations correct.

)
 ***********
LaTeX2e <2025-06-01> patch level 1
L3 programming layer <2025-07-19>
 ***********


LaTeX Font Warning: Size substitutions with differences
(Font)              up to 1.0pt have occurred.


LaTeX Warning: There were undefined references.


LaTeX Warning: Label(s) may have changed. Rerun to get cross-references right.

Package rerunfilecheck Info: File `Alerts_revision.out' has not changed.
(rerunfilecheck)             Checksum: 40AA8E2E9F0553D3DC87903A96238A7F;3228.
 ) 
Here is how much of TeX's memory you used:
 15269 strings out of 468149
 247763 string characters out of 5431082
 749951 words of memory out of 5000000
 43210 multiletter control sequences out of 15000+600000
 637632 words of font info for 77 fonts, out of 8000000 for 9000
 1141 hyphenation exceptions out of 8191
 86i,15n,117p,1772b,659s stack positions out of 10000i,1000n,20000p,200000b,200000s

pdfTeX warning (dest): name{Hfootnote.24} has been referenced but does not exis
t, replaced by a fixed one


pdfTeX warning (dest): name{Hfootnote.23} has been referenced but does not exis
t, replaced by a fixed one


pdfTeX warning (dest): name{Hfootnote.22} has been referenced but does not exis
t, replaced by a fixed one


pdfTeX warning (dest): name{Hfootnote.21} has been referenced but does not exis
t, replaced by a fixed one


pdfTeX warning (dest): name{Hfootnote.20} has been referenced but does not exis
t, replaced by a fixed one


pdfTeX warning (dest): name{Hfootnote.19} has been referenced but does not exis
t, replaced by a fixed one


pdfTeX warning (dest): name{Hfootnote.18} has been referenced but does not exis
t, replaced by a fixed one


pdfTeX warning (dest): name{Hfootnote.17} has been referenced but does not exis
t, replaced by a fixed one


pdfTeX warning (dest): name{Hfootnote.16} has been referenced but does not exis
t, replaced by a fixed one


pdfTeX warning (dest): name{Hfootnote.15} has been referenced but does not exis
t, replaced by a fixed one


pdfTeX warning (dest): name{Hfootnote.14} has been referenced but does not exis
t, replaced by a fixed one


pdfTeX warning (dest): name{Hfootnote.13} has been referenced but does not exis
t, replaced by a fixed one


pdfTeX warning (dest): name{Hfootnote.12} has been referenced but does not exis
t, replaced by a fixed one


pdfTeX warning (dest): name{Hfootnote.11} has been referenced but does not exis
t, replaced by a fixed one


pdfTeX warning (dest): name{Hfootnote.10} has been referenced but does not exis
t, replaced by a fixed one


pdfTeX warning (dest): name{Hfootnote.9} has been referenced but does not exist
, replaced by a fixed one


pdfTeX warning (dest): name{Hfootnote.8} has been referenced but does not exist
, replaced by a fixed one


pdfTeX warning (dest): name{Hfootnote.7} has been referenced but does not exist
, replaced by a fixed one


pdfTeX warning (dest): name{Hfootnote.6} has been referenced but does not exist
, replaced by a fixed one


pdfTeX warning (dest): name{Hfootnote.5} has been referenced but does not exist
, replaced by a fixed one


pdfTeX warning (dest): name{Hfootnote.4} has been referenced but does not exist
, replaced by a fixed one


pdfTeX warning (dest): name{Hfootnote.3} has been referenced but does not exist
, replaced by a fixed one


pdfTeX warning (dest): name{Hfootnote.2} has been referenced but does not exist
, replaced by a fixed one


pdfTeX warning (dest): name{Hfootnote.1} has been referenced but does not exist
, replaced by a fixed one

 <C:\Users\gaduh\AppData\Local\MiKTeX\fonts/pk/ljfour/jknappen/ec/dpi600\tcrm12
00.pk> <C:\Users\gaduh\AppData\Local\MiKTeX\fonts/pk/ljfour/jknappen/ec/dpi600\
tcrm0700.pk> <C:\Users\gaduh\AppData\Local\MiKTeX\fonts/pk/ljfour/jknappen/ec/d
pi600\tcrm1000.pk><C:/Users/gaduh/AppData/Local/Programs/MiKTeX/fonts/type1/pub
lic/amsfonts/cm/cmbx10.pfb><C:/Users/gaduh/AppData/Local/Programs/MiKTeX/fonts/
type1/public/amsfonts/cm/cmbx12.pfb><C:/Users/gaduh/AppData/Local/Programs/MiKT
eX/fonts/type1/public/amsfonts/cm/cmex10.pfb><C:/Users/gaduh/AppData/Local/Prog
rams/MiKTeX/fonts/type1/public/amsfonts/cm/cmmi10.pfb><C:/Users/gaduh/AppData/L
ocal/Programs/MiKTeX/fonts/type1/public/amsfonts/cm/cmmi12.pfb><C:/Users/gaduh/
AppData/Local/Programs/MiKTeX/fonts/type1/public/amsfonts/cm/cmmi7.pfb><C:/User
s/gaduh/AppData/Local/Programs/MiKTeX/fonts/type1/public/amsfonts/cm/cmmi8.pfb>
<C:/Users/gaduh/AppData/Local/Programs/MiKTeX/fonts/type1/public/amsfonts/cm/cm
r10.pfb><C:/Users/gaduh/AppData/Local/Programs/MiKTeX/fonts/type1/public/amsfon
ts/cm/cmr12.pfb><C:/Users/gaduh/AppData/Local/Programs/MiKTeX/fonts/type1/publi
c/amsfonts/cm/cmr17.pfb><C:/Users/gaduh/AppData/Local/Programs/MiKTeX/fonts/typ
e1/public/amsfonts/cm/cmr6.pfb><C:/Users/gaduh/AppData/Local/Programs/MiKTeX/fo
nts/type1/public/amsfonts/cm/cmr7.pfb><C:/Users/gaduh/AppData/Local/Programs/Mi
KTeX/fonts/type1/public/amsfonts/cm/cmr8.pfb><C:/Users/gaduh/AppData/Local/Prog
rams/MiKTeX/fonts/type1/public/amsfonts/cm/cmsy10.pfb><C:/Users/gaduh/AppData/L
ocal/Programs/MiKTeX/fonts/type1/public/amsfonts/cm/cmsy6.pfb><C:/Users/gaduh/A
ppData/Local/Programs/MiKTeX/fonts/type1/public/amsfonts/cm/cmsy7.pfb><C:/Users
/gaduh/AppData/Local/Programs/MiKTeX/fonts/type1/public/amsfonts/cm/cmsy8.pfb><
C:/Users/gaduh/AppData/Local/Programs/MiKTeX/fonts/type1/public/amsfonts/cm/cmt
i10.pfb><C:/Users/gaduh/AppData/Local/Programs/MiKTeX/fonts/type1/public/amsfon
ts/cm/cmti12.pfb><C:/Users/gaduh/AppData/Local/Programs/MiKTeX/fonts/type1/publ
ic/amsfonts/cm/cmtt10.pfb>
Output written on Alerts_revision.pdf (52 pages, 1275330 bytes).
PDF statistics:
 868 PDF objects out of 1000 (max. 8388607)
 394 named destinations out of 1000 (max. 500000)
 223 words of extra memory for PDF output out of 10000 (max. 10000000)

