This is pdfTeX, Version 3.141592653-2.6-1.40.25 (MiKTeX 23.5) (preloaded format=pdflatex 2023.8.9)  12 DEC 2023 16:03
entering extended mode
 restricted \write18 enabled.
 %&-line parsing enabled.
**./alertsManuscript_AU8_PJM.tex
(alertsManuscript_AU8_PJM.tex
LaTeX2e <2023-06-01> patch level 1
L3 programming layer <2023-06-30>
(C:\Program Files\MiKTeX\tex/latex/base\article.cls
Document Class: article 2023/05/17 v1.4n Standard LaTeX document class
(C:\Program Files\MiKTeX\tex/latex/base\size12.clo
File: size12.clo 2023/05/17 v1.4n Standard LaTeX file (size option)
)
\c@part=\count185
\c@section=\count186
\c@subsection=\count187
\c@subsubsection=\count188
\c@paragraph=\count189
\c@subparagraph=\count190
\c@figure=\count191
\c@table=\count192
\abovecaptionskip=\skip48
\belowcaptionskip=\skip49
\bibindent=\dimen140
)
(C:\Program Files\MiKTeX\tex/latex/amsmath\amsmath.sty
Package: amsmath 2023/05/13 v2.17o AMS math features
\@mathmargin=\skip50

For additional information on amsmath, use the `?' option.
(C:\Program Files\MiKTeX\tex/latex/amsmath\amstext.sty
Package: amstext 2021/08/26 v2.01 AMS text

(C:\Program Files\MiKTeX\tex/latex/amsmath\amsgen.sty
File: amsgen.sty 1999/11/30 v2.0 generic functions
\@emptytoks=\toks17
\ex@=\dimen141
))
(C:\Program Files\MiKTeX\tex/latex/amsmath\amsbsy.sty
Package: amsbsy 1999/11/29 v1.2d Bold Symbols
\pmbraise@=\dimen142
)
(C:\Program Files\MiKTeX\tex/latex/amsmath\amsopn.sty
Package: amsopn 2022/04/08 v2.04 operator names
)
\inf@bad=\count193
LaTeX Info: Redefining \frac on input line 234.
\uproot@=\count194
\leftroot@=\count195
LaTeX Info: Redefining \overline on input line 399.
LaTeX Info: Redefining \colon on input line 410.
\classnum@=\count196
\DOTSCASE@=\count197
LaTeX Info: Redefining \ldots on input line 496.
LaTeX Info: Redefining \dots on input line 499.
LaTeX Info: Redefining \cdots on input line 620.
\Mathstrutbox@=\box51
\strutbox@=\box52
LaTeX Info: Redefining \big on input line 722.
LaTeX Info: Redefining \Big on input line 723.
LaTeX Info: Redefining \bigg on input line 724.
LaTeX Info: Redefining \Bigg on input line 725.
\big@size=\dimen143
LaTeX Font Info:    Redeclaring font encoding OML on input line 743.
LaTeX Font Info:    Redeclaring font encoding OMS on input line 744.
\macc@depth=\count198
LaTeX Info: Redefining \bmod on input line 905.
LaTeX Info: Redefining \pmod on input line 910.
LaTeX Info: Redefining \smash on input line 940.
LaTeX Info: Redefining \relbar on input line 970.
LaTeX Info: Redefining \Relbar on input line 971.
\c@MaxMatrixCols=\count199
\dotsspace@=\muskip16
\c@parentequation=\count266
\dspbrk@lvl=\count267
\tag@help=\toks18
\row@=\count268
\column@=\count269
\maxfields@=\count270
\andhelp@=\toks19
\eqnshift@=\dimen144
\alignsep@=\dimen145
\tagshift@=\dimen146
\tagwidth@=\dimen147
\totwidth@=\dimen148
\lineht@=\dimen149
\@envbody=\toks20
\multlinegap=\skip51
\multlinetaggap=\skip52
\mathdisplay@stack=\toks21
LaTeX Info: Redefining \[ on input line 2953.
LaTeX Info: Redefining \] on input line 2954.
)
(C:\Users\pjmcgee\AppData\Roaming\MiKTeX\tex/latex/amscls\amsthm.sty
Package: amsthm 2020/05/29 v2.20.6
\thm@style=\toks22
\thm@bodyfont=\toks23
\thm@headfont=\toks24
\thm@notefont=\toks25
\thm@headpunct=\toks26
\thm@preskip=\skip53
\thm@postskip=\skip54
\thm@headsep=\skip55
\dth@everypar=\toks27
)
(C:\Users\pjmcgee\AppData\Roaming\MiKTeX\tex/latex/geometry\geometry.sty
Package: geometry 2020/01/02 v5.9 Page Geometry

(C:\Program Files\MiKTeX\tex/latex/graphics\keyval.sty
Package: keyval 2022/05/29 v1.15 key=value parser (DPC)
\KV@toks@=\toks28
)
(C:\Program Files\MiKTeX\tex/generic/iftex\ifvtex.sty
Package: ifvtex 2019/10/25 v1.7 ifvtex legacy package. Use iftex instead.

(C:\Program Files\MiKTeX\tex/generic/iftex\iftex.sty
Package: iftex 2022/02/03 v1.0f TeX engine tests
))
\Gm@cnth=\count271
\Gm@cntv=\count272
\c@Gm@tempcnt=\count273
\Gm@bindingoffset=\dimen150
\Gm@wd@mp=\dimen151
\Gm@odd@mp=\dimen152
\Gm@even@mp=\dimen153
\Gm@layoutwidth=\dimen154
\Gm@layoutheight=\dimen155
\Gm@layouthoffset=\dimen156
\Gm@layoutvoffset=\dimen157
\Gm@dimlist=\toks29

(C:\Users\pjmcgee\AppData\Roaming\MiKTeX\tex/latex/geometry\geometry.cfg))
(C:\Users\pjmcgee\AppData\Roaming\MiKTeX\tex/latex/titlesec\titlesec.sty
Package: titlesec 2021/07/05 v2.14 Sectioning titles
\ttl@box=\box53
\beforetitleunit=\skip56
\aftertitleunit=\skip57
\ttl@plus=\dimen158
\ttl@minus=\dimen159
\ttl@toksa=\toks30
\titlewidth=\dimen160
\titlewidthlast=\dimen161
\titlewidthfirst=\dimen162
)

Package geometry Warning: Over-specification in `h'-direction.
    `width' (483.69684pt) is ignored.


Package geometry Warning: Over-specification in `v'-direction.
    `height' (731.23582pt) is ignored.

(C:\Users\pjmcgee\AppData\Roaming\MiKTeX\tex/latex/sectsty\sectsty.sty
Package: sectsty 2002/02/25 v2.0.2 Commands to change all sectional heading sty
les


LaTeX Warning: Command \underbar  has changed.
               Check if current package is valid.


LaTeX Warning: Command \underline  has changed.
               Check if current package is valid.

) (C:\Users\pjmcgee\AppData\Roaming\MiKTeX\tex/latex/natbib\natbib.sty
Package: natbib 2010/09/13 8.31b (PWD, AO)
\bibhang=\skip58
\bibsep=\skip59
LaTeX Info: Redefining \cite on input line 694.
\c@NAT@ctr=\count274
)
(C:\Program Files\MiKTeX\tex/latex/hyperref\hyperref.sty
Package: hyperref 2023-07-08 v7.01b Hypertext links for LaTeX

(C:\Users\pjmcgee\AppData\Roaming\MiKTeX\tex/generic/ltxcmds\ltxcmds.sty
Package: ltxcmds 2020-05-10 v1.25 LaTeX kernel commands for general use (HO)
)
(C:\Program Files\MiKTeX\tex/generic/pdftexcmds\pdftexcmds.sty
Package: pdftexcmds 2020-06-27 v0.33 Utility functions of pdfTeX for LuaTeX (HO
)

(C:\Users\pjmcgee\AppData\Roaming\MiKTeX\tex/generic/infwarerr\infwarerr.sty
Package: infwarerr 2019/12/03 v1.5 Providing info/warning/error messages (HO)
)
Package pdftexcmds Info: \pdf@primitive is available.
Package pdftexcmds Info: \pdf@ifprimitive is available.
Package pdftexcmds Info: \pdfdraftmode found.
)
(C:\Users\pjmcgee\AppData\Roaming\MiKTeX\tex/latex/kvsetkeys\kvsetkeys.sty
Package: kvsetkeys 2022-10-05 v1.19 Key value parser (HO)
)
(C:\Users\pjmcgee\AppData\Roaming\MiKTeX\tex/generic/kvdefinekeys\kvdefinekeys.
sty
Package: kvdefinekeys 2019-12-19 v1.6 Define keys (HO)
)
(C:\Users\pjmcgee\AppData\Roaming\MiKTeX\tex/generic/pdfescape\pdfescape.sty
Package: pdfescape 2019/12/09 v1.15 Implements pdfTeX's escape features (HO)
)
(C:\Users\pjmcgee\AppData\Roaming\MiKTeX\tex/latex/hycolor\hycolor.sty
Package: hycolor 2020-01-27 v1.10 Color options for hyperref/bookmark (HO)
)
(C:\Users\pjmcgee\AppData\Roaming\MiKTeX\tex/latex/letltxmacro\letltxmacro.sty
Package: letltxmacro 2019/12/03 v1.6 Let assignment for LaTeX macros (HO)
) (C:\Users\pjmcgee\AppData\Roaming\MiKTeX\tex/latex/auxhook\auxhook.sty
Package: auxhook 2019-12-17 v1.6 Hooks for auxiliary files (HO)
)
(C:\Program Files\MiKTeX\tex/latex/hyperref\nameref.sty
Package: nameref 2023-08-07 v2.53 Cross-referencing by name of section

(C:\Users\pjmcgee\AppData\Roaming\MiKTeX\tex/latex/refcount\refcount.sty
Package: refcount 2019/12/15 v3.6 Data extraction from label references (HO)
)
(C:\Users\pjmcgee\AppData\Roaming\MiKTeX\tex/generic/gettitlestring\gettitlestr
ing.sty
Package: gettitlestring 2019/12/15 v1.6 Cleanup title references (HO)

(C:\Users\pjmcgee\AppData\Roaming\MiKTeX\tex/latex/kvoptions\kvoptions.sty
Package: kvoptions 2022-06-15 v3.15 Key value format for package options (HO)
))
\c@section@level=\count275
)
(C:\Program Files\MiKTeX\tex/latex/etoolbox\etoolbox.sty
Package: etoolbox 2020/10/05 v2.5k e-TeX tools for LaTeX (JAW)
\etb@tempcnta=\count276
)
\@linkdim=\dimen163
\Hy@linkcounter=\count277
\Hy@pagecounter=\count278

(C:\Program Files\MiKTeX\tex/latex/hyperref\pd1enc.def
File: pd1enc.def 2023-07-08 v7.01b Hyperref: PDFDocEncoding definition (HO)
Now handling font encoding PD1 ...
... no UTF-8 mapping file for font encoding PD1
)
(C:\Users\pjmcgee\AppData\Roaming\MiKTeX\tex/generic/intcalc\intcalc.sty
Package: intcalc 2019/12/15 v1.3 Expandable calculations with integers (HO)
)
\Hy@SavedSpaceFactor=\count279

(C:\Program Files\MiKTeX\tex/latex/hyperref\puenc.def
File: puenc.def 2023-07-08 v7.01b Hyperref: PDF Unicode definition (HO)
Now handling font encoding PU ...
... no UTF-8 mapping file for font encoding PU
)
Package hyperref Info: Hyper figures OFF on input line 4167.
Package hyperref Info: Link nesting OFF on input line 4172.
Package hyperref Info: Hyper index ON on input line 4175.
Package hyperref Info: Plain pages OFF on input line 4182.
Package hyperref Info: Backreferencing OFF on input line 4187.
Package hyperref Info: Implicit mode ON; LaTeX internals redefined.
Package hyperref Info: Bookmarks ON on input line 4434.
\c@Hy@tempcnt=\count280

(C:\Program Files\MiKTeX\tex/latex/url\url.sty
\Urlmuskip=\muskip17
Package: url 2013/09/16  ver 3.4  Verb mode for urls, etc.
)
LaTeX Info: Redefining \url on input line 4772.
\XeTeXLinkMargin=\dimen164

(C:\Users\pjmcgee\AppData\Roaming\MiKTeX\tex/generic/bitset\bitset.sty
Package: bitset 2019/12/09 v1.3 Handle bit-vector datatype (HO)

(C:\Users\pjmcgee\AppData\Roaming\MiKTeX\tex/generic/bigintcalc\bigintcalc.sty
Package: bigintcalc 2019/12/15 v1.5 Expandable calculations on big integers (HO
)
))
\Fld@menulength=\count281
\Field@Width=\dimen165
\Fld@charsize=\dimen166
Package hyperref Info: Hyper figures OFF on input line 6051.
Package hyperref Info: Link nesting OFF on input line 6056.
Package hyperref Info: Hyper index ON on input line 6059.
Package hyperref Info: backreferencing OFF on input line 6066.
Package hyperref Info: Link coloring OFF on input line 6071.
Package hyperref Info: Link coloring with OCG OFF on input line 6076.
Package hyperref Info: PDF/A mode OFF on input line 6081.
 (C:\Program Files\MiKTeX\tex/latex/base\atbegshi-ltx.sty
Package: atbegshi-ltx 2021/01/10 v1.0c Emulation of the original atbegshi
package with kernel methods
)
\Hy@abspage=\count282
\c@Item=\count283
\c@Hfootnote=\count284
)
Package hyperref Info: Driver (autodetected): hpdftex.

(C:\Program Files\MiKTeX\tex/latex/hyperref\hpdftex.def
File: hpdftex.def 2023-07-08 v7.01b Hyperref driver for pdfTeX

(C:\Program Files\MiKTeX\tex/latex/base\atveryend-ltx.sty
Package: atveryend-ltx 2020/08/19 v1.0a Emulation of the original atveryend pac
kage
with kernel methods
)
\Fld@listcount=\count285
\c@bookmark@seq@number=\count286

(C:\Users\pjmcgee\AppData\Roaming\MiKTeX\tex/latex/rerunfilecheck\rerunfilechec
k.sty
Package: rerunfilecheck 2022-07-10 v1.10 Rerun checks for auxiliary files (HO)

(C:\Users\pjmcgee\AppData\Roaming\MiKTeX\tex/generic/uniquecounter\uniquecounte
r.sty
Package: uniquecounter 2019/12/15 v1.4 Provide unlimited unique counter (HO)
)
Package uniquecounter Info: New unique counter `rerunfilecheck' on input line 2
85.
)
\Hy@SectionHShift=\skip60
)
(C:\Users\pjmcgee\AppData\Roaming\MiKTeX\tex/latex/multirow\multirow.sty
Package: multirow 2021/03/15 v2.8 Span multiple rows of a table
\multirow@colwidth=\skip61
\multirow@cntb=\count287
\multirow@dima=\skip62
\bigstrutjot=\dimen167
)
(C:\Users\pjmcgee\AppData\Roaming\MiKTeX\tex/latex/makecell\makecell.sty
Package: makecell 2009/08/03 V0.1e Managing of Tab Column Heads and Cells

(C:\Program Files\MiKTeX\tex/latex/tools\array.sty
Package: array 2022/09/04 v2.5g Tabular extension package (FMi)
\col@sep=\dimen168
\ar@mcellbox=\box54
\extrarowheight=\dimen169
\NC@list=\toks31
\extratabsurround=\skip63
\backup@length=\skip64
\ar@cellbox=\box55
)
\rotheadsize=\dimen170
\c@nlinenum=\count288
\TeXr@lab=\toks32
)
(C:\Users\pjmcgee\AppData\Roaming\MiKTeX\tex/latex/adjustbox\adjustbox.sty
Package: adjustbox 2022/10/17 v1.3a Adjusting TeX boxes (trim, clip, ...)

(C:\Program Files\MiKTeX\tex/latex/xkeyval\xkeyval.sty
Package: xkeyval 2022/06/16 v2.9 package option processing (HA)

(C:\Program Files\MiKTeX\tex/generic/xkeyval\xkeyval.tex
(C:\Program Files\MiKTeX\tex/generic/xkeyval\xkvutils.tex
\XKV@toks=\toks33
\XKV@tempa@toks=\toks34
)
\XKV@depth=\count289
File: xkeyval.tex 2014/12/03 v2.7a key=value parser (HA)
))
(C:\Users\pjmcgee\AppData\Roaming\MiKTeX\tex/latex/adjustbox\adjcalc.sty
Package: adjcalc 2012/05/16 v1.1 Provides advanced setlength with multiple back
-ends (calc, etex, pgfmath)
)
(C:\Users\pjmcgee\AppData\Roaming\MiKTeX\tex/latex/adjustbox\trimclip.sty
Package: trimclip 2020/08/19 v1.2 Trim and clip general TeX material

(C:\Program Files\MiKTeX\tex/latex/graphics\graphicx.sty
Package: graphicx 2021/09/16 v1.2d Enhanced LaTeX Graphics (DPC,SPQR)

(C:\Program Files\MiKTeX\tex/latex/graphics\graphics.sty
Package: graphics 2022/03/10 v1.4e Standard LaTeX Graphics (DPC,SPQR)

(C:\Program Files\MiKTeX\tex/latex/graphics\trig.sty
Package: trig 2021/08/11 v1.11 sin cos tan (DPC)
)
(C:\Program Files\MiKTeX\tex/latex/graphics-cfg\graphics.cfg
File: graphics.cfg 2016/06/04 v1.11 sample graphics configuration
)
Package graphics Info: Driver file: pdftex.def on input line 107.

(C:\Program Files\MiKTeX\tex/latex/graphics-def\pdftex.def
File: pdftex.def 2022/09/22 v1.2b Graphics/color driver for pdftex
))
\Gin@req@height=\dimen171
\Gin@req@width=\dimen172
)
(C:\Users\pjmcgee\AppData\Roaming\MiKTeX\tex/latex/collectbox\collectbox.sty
Package: collectbox 2022/10/17 v0.4c Collect macro arguments as boxes
\collectedbox=\box56
)
\tc@llx=\dimen173
\tc@lly=\dimen174
\tc@urx=\dimen175
\tc@ury=\dimen176
Package trimclip Info: Using driver 'tc-pdftex.def'.

(C:\Users\pjmcgee\AppData\Roaming\MiKTeX\tex/latex/adjustbox\tc-pdftex.def
File: tc-pdftex.def 2019/01/04 v2.2 Clipping driver for pdftex
))
\adjbox@Width=\dimen177
\adjbox@Height=\dimen178
\adjbox@Depth=\dimen179
\adjbox@Totalheight=\dimen180
\adjbox@pwidth=\dimen181
\adjbox@pheight=\dimen182
\adjbox@pdepth=\dimen183
\adjbox@ptotalheight=\dimen184

(C:\Users\pjmcgee\AppData\Roaming\MiKTeX\tex/latex/ifoddpage\ifoddpage.sty
Package: ifoddpage 2022/10/18 v1.2 Conditionals for odd/even page detection
\c@checkoddpage=\count290
)
(C:\Users\pjmcgee\AppData\Roaming\MiKTeX\tex/latex/varwidth\varwidth.sty
Package: varwidth 2009/03/30 ver 0.92;  Variable-width minipages
\@vwid@box=\box57
\sift@deathcycles=\count291
\@vwid@loff=\dimen185
\@vwid@roff=\dimen186
))
(C:\Users\pjmcgee\AppData\Roaming\MiKTeX\tex/latex/threeparttable\threeparttabl
e.sty
Package: threeparttable 2003/06/13  v 3.0
\@tempboxb=\box58
) (C:\Users\pjmcgee\AppData\Roaming\MiKTeX\tex/latex/caption\caption.sty
Package: caption 2023/03/12 v3.6j Customizing captions (AR)

(C:\Users\pjmcgee\AppData\Roaming\MiKTeX\tex/latex/caption\caption3.sty
Package: caption3 2023/03/12 v2.4 caption3 kernel (AR)
\caption@tempdima=\dimen187
\captionmargin=\dimen188
\caption@leftmargin=\dimen189
\caption@rightmargin=\dimen190
\caption@width=\dimen191
\caption@indent=\dimen192
\caption@parindent=\dimen193
\caption@hangindent=\dimen194
Package caption Info: Standard document class detected.
)
\c@caption@flags=\count292
\c@continuedfloat=\count293
Package caption Info: hyperref package is loaded.
Package caption Info: threeparttable package is loaded.
)
(C:\Program Files\MiKTeX\tex/latex/xcolor\xcolor.sty
Package: xcolor 2022/06/12 v2.14 LaTeX color extensions (UK)

(C:\Program Files\MiKTeX\tex/latex/graphics-cfg\color.cfg
File: color.cfg 2016/01/02 v1.6 sample color configuration
)
Package xcolor Info: Driver file: pdftex.def on input line 227.

(C:\Program Files\MiKTeX\tex/latex/graphics\mathcolor.ltx)
Package xcolor Info: Model `cmy' substituted by `cmy0' on input line 1353.
Package xcolor Info: Model `hsb' substituted by `rgb' on input line 1357.
Package xcolor Info: Model `RGB' extended on input line 1369.
Package xcolor Info: Model `HTML' substituted by `rgb' on input line 1371.
Package xcolor Info: Model `Hsb' substituted by `hsb' on input line 1372.
Package xcolor Info: Model `tHsb' substituted by `hsb' on input line 1373.
Package xcolor Info: Model `HSB' substituted by `hsb' on input line 1374.
Package xcolor Info: Model `Gray' substituted by `gray' on input line 1375.
Package xcolor Info: Model `wave' substituted by `hsb' on input line 1376.

(C:\Program Files\MiKTeX\tex/latex/graphics\dvipsnam.def
File: dvipsnam.def 2016/06/17 v3.0m Driver-dependent file (DPC,SPQR)
))
(C:\Users\pjmcgee\AppData\Roaming\MiKTeX\tex/latex/booktabs\booktabs.sty
Package: booktabs 2020/01/12 v1.61803398 Publication quality tables
\heavyrulewidth=\dimen195
\lightrulewidth=\dimen196
\cmidrulewidth=\dimen197
\belowrulesep=\dimen198
\belowbottomsep=\dimen199
\aboverulesep=\dimen256
\abovetopsep=\dimen257
\cmidrulesep=\dimen258
\cmidrulekern=\dimen259
\defaultaddspace=\dimen260
\@cmidla=\count294
\@cmidlb=\count295
\@aboverulesep=\dimen261
\@belowrulesep=\dimen262
\@thisruleclass=\count296
\@lastruleclass=\count297
\@thisrulewidth=\dimen263
)
(C:\Users\pjmcgee\AppData\Roaming\MiKTeX\tex/latex/float\float.sty
Package: float 2001/11/08 v1.3d Float enhancements (AL)
\c@float@type=\count298
\float@exts=\toks35
\float@box=\box59
\@float@everytoks=\toks36
\@floatcapt=\box60
)
(C:\Users\pjmcgee\AppData\Roaming\MiKTeX\tex/latex/setspace\setspace.sty
Package: setspace 2022/12/04 v6.7b set line spacing
)
(C:\Users\pjmcgee\AppData\Roaming\MiKTeX\tex/latex/placeins\placeins.sty
Package: placeins 2005/04/18  v 2.2
)
(C:\Users\pjmcgee\AppData\Roaming\MiKTeX\tex/latex/caption\subcaption.sty
Package: subcaption 2023/02/19 v1.6 Sub-captions (AR)
Package caption Info: New subtype `subfigure' on input line 239.
\c@subfigure=\count299
Package caption Info: New subtype `subtable' on input line 239.
\c@subtable=\count300
)
\c@theorem=\count301
\c@hypothesis=\count302
\c@result=\count303

(C:\Program Files\MiKTeX\tex/latex/l3backend\l3backend-pdftex.def
File: l3backend-pdftex.def 2023-04-19 L3 backend support: PDF output (pdfTeX)
\l__color_backend_stack_int=\count304
\l__pdf_internal_box=\box61
)
No file alertsManuscript_AU8_PJM.aux.
\openout1 = `alertsManuscript_AU8_PJM.aux'.

LaTeX Font Info:    Checking defaults for OML/cmm/m/it on input line 76.
LaTeX Font Info:    ... okay on input line 76.
LaTeX Font Info:    Checking defaults for OMS/cmsy/m/n on input line 76.
LaTeX Font Info:    ... okay on input line 76.
LaTeX Font Info:    Checking defaults for OT1/cmr/m/n on input line 76.
LaTeX Font Info:    ... okay on input line 76.
LaTeX Font Info:    Checking defaults for T1/cmr/m/n on input line 76.
LaTeX Font Info:    ... okay on input line 76.
LaTeX Font Info:    Checking defaults for TS1/cmr/m/n on input line 76.
LaTeX Font Info:    ... okay on input line 76.
LaTeX Font Info:    Checking defaults for OMX/cmex/m/n on input line 76.
LaTeX Font Info:    ... okay on input line 76.
LaTeX Font Info:    Checking defaults for U/cmr/m/n on input line 76.
LaTeX Font Info:    ... okay on input line 76.
LaTeX Font Info:    Checking defaults for PD1/pdf/m/n on input line 76.
LaTeX Font Info:    ... okay on input line 76.
LaTeX Font Info:    Checking defaults for PU/pdf/m/n on input line 76.
LaTeX Font Info:    ... okay on input line 76.
*geometry* driver: auto-detecting
*geometry* detected driver: pdftex
*geometry* verbose mode - [ preamble ] result:
* driver: pdftex
* paper: a4paper
* layout: <same size as paper>
* layoutoffset:(h,v)=(0.0pt,0.0pt)
* modes: 
* h-part:(L,W,R)=(56.9055pt, 483.69687pt, 56.9055pt)
* v-part:(T,H,B)=(71.13188pt, 702.78308pt, 71.13188pt)
* \paperwidth=597.50787pt
* \paperheight=845.04684pt
* \textwidth=483.69687pt
* \textheight=702.78308pt
* \oddsidemargin=-15.36449pt
* \evensidemargin=-15.36449pt
* \topmargin=-38.1381pt
* \headheight=12.0pt
* \headsep=25.0pt
* \topskip=12.0pt
* \footskip=30.0pt
* \marginparwidth=35.0pt
* \marginparsep=10.0pt
* \columnsep=10.0pt
* \skip\footins=10.8pt plus 4.0pt minus 2.0pt
* \hoffset=0.0pt
* \voffset=0.0pt
* \mag=1000
* \@twocolumnfalse
* \@twosidefalse
* \@mparswitchfalse
* \@reversemarginfalse
* (1in=72.27pt=25.4mm, 1cm=28.453pt)

Package hyperref Info: Link coloring OFF on input line 76.
\@outlinefile=\write3
\openout3 = `alertsManuscript_AU8_PJM.out'.

(C:\Program Files\MiKTeX\tex/context/base/mkii\supp-pdf.mkii
[Loading MPS to PDF converter (version 2006.09.02).]
\scratchcounter=\count305
\scratchdimen=\dimen264
\scratchbox=\box62
\nofMPsegments=\count306
\nofMParguments=\count307
\everyMPshowfont=\toks37
\MPscratchCnt=\count308
\MPscratchDim=\dimen265
\MPnumerator=\count309
\makeMPintoPDFobject=\count310
\everyMPtoPDFconversion=\toks38
) (C:\Program Files\MiKTeX\tex/latex/epstopdf-pkg\epstopdf-base.sty
Package: epstopdf-base 2020-01-24 v2.11 Base part for package epstopdf
Package epstopdf-base Info: Redefining graphics rule for `.eps' on input line 4
85.

(C:\Program Files\MiKTeX\tex/latex/00miktex\epstopdf-sys.cfg
File: epstopdf-sys.cfg 2021/03/18 v2.0 Configuration of epstopdf for MiKTeX
))
Package caption Info: Begin \AtBeginDocument code.
Package caption Info: float package is loaded.
Package caption Info: End \AtBeginDocument code.
 [1

{C:/Users/pjmcgee/AppData/Local/MiKTeX/fonts/map/pdftex/pdftex.map}]

Package natbib Warning: Citation `xu_revealed_2022' on page 2 undefined on inpu
t line 102.


Package natbib Warning: Citation `hoffman_how_2016' on page 2 undefined on inpu
t line 104.


Package natbib Warning: Citation `ambuehl_belief_2018' on page 2 undefined on i
nput line 104.


Package natbib Warning: Citation `xu_revealed_2022' on page 2 undefined on inpu
t line 104.

[2]

Package natbib Warning: Citation `ambuehl_belief_2018' on page 3 undefined on i
nput line 106.


Package natbib Warning: Citation `xu_revealed_2022' on page 3 undefined on inpu
t line 106.


Package natbib Warning: Citation `ambuehl_belief_2018' on page 3 undefined on i
nput line 106.


Package natbib Warning: Citation `xu_revealed_2022' on page 3 undefined on inpu
t line 106.


Package natbib Warning: Citation `eliaz_paying_2010' on page 3 undefined on inp
ut line 108.


Package natbib Warning: Citation `masatlioglu_intrinsic_2017' on page 3 undefin
ed on input line 108.


Package natbib Warning: Citation `eil_good_2011' on page 3 undefined on input l
ine 110.


Package natbib Warning: Citation `coutts_good_2019' on page 3 undefined on inpu
t line 110.


Package natbib Warning: Citation `bornstein_rationality_2001' on page 3 undefin
ed on input line 112.


Package natbib Warning: Citation `gigerenzer_helping_2007' on page 3 undefined 
on input line 112.

[3]

Package natbib Warning: Citation `liang_acceptability_2003' on page 4 undefined
 on input line 114.


Package natbib Warning: Citation `howard_does_2009' on page 4 undefined on inpu
t line 114.


Package natbib Warning: Citation `neumann_willingness--pay_2012' on page 4 unde
fined on input line 114.


Package natbib Warning: Citation `schwartz_enthusiasm_2004' on page 4 undefined
 on input line 114.


Package natbib Warning: Citation `neumann_willingness--pay_2012' on page 4 unde
fined on input line 114.


Package natbib Warning: Citation `schwartz_enthusiasm_2004' on page 4 undefined
 on input line 114.


Package natbib Warning: Citation `howard_does_2009' on page 4 undefined on inpu
t line 114.


Package natbib Warning: Citation `friedl_insurance_2014' on page 4 undefined on
 input line 116.


Package natbib Warning: Citation `laury_insurance_2009' on page 4 undefined on 
input line 116.


Package natbib Warning: Citation `volkman-wise_representativeness_2015' on page
 4 undefined on input line 116.


Package natbib Warning: Citation `hammerton_case_1973' on page 4 undefined on i
nput line 118.


Package natbib Warning: Citation `kahneman_psychology_1973' on page 4 undefined
 on input line 118.


Package natbib Warning: Citation `grether_testing_1992' on page 4 undefined on 
input line 118.


Package natbib Warning: Citation `holt_update_2009' on page 4 undefined on inpu
t line 118.


Package natbib Warning: Citation `aina_contingent_2023' on page 4 undefined on 
input line 120.

[4]

Package amsmath Warning: Foreign command \over;
(amsmath)                \frac or \genfrac should be used instead
(amsmath)                 on input line 133.

[5] [6] [7]

! LaTeX Error: Invalid UTF-8 byte "93.

See the LaTeX manual or LaTeX Companion for explanation.
Type  H <return>  for immediate help.
 ...                                              
                                                  
l.253 ...BP)}.\ \ \ Subjects must decide whether “
                                                  protect” against an advers...

The document does not appear to be in UTF-8 encoding.
Try adding \UseRawInputEncoding as the first line of the file
or specify an encoding such as \usepackage [latin1]{inputenc}
in the document preamble.
Alternatively, save the file in UTF-8 using your editor or another tool


! LaTeX Error: Invalid UTF-8 byte "94.

See the LaTeX manual or LaTeX Companion for explanation.
Type  H <return>  for immediate help.
 ...                                              
                                                  
l.253 ... \ Subjects must decide whether “protect”
                                                   against an adverse event:...

The document does not appear to be in UTF-8 encoding.
Try adding \UseRawInputEncoding as the first line of the file
or specify an encoding such as \usepackage [latin1]{inputenc}
in the document preamble.
Alternatively, save the file in UTF-8 using your editor or another tool


Package natbib Warning: Citation `coutts_good_2019' on page 8 undefined on inpu
t line 256.

[8]

Package natbib Warning: Citation `grether_testing_1992' on page 9 undefined on 
input line 263.


Package natbib Warning: Citation `holt_update_2009' on page 9 undefined on inpu
t line 263.


Package natbib Warning: Citation `karni_mechanism_2009-1' on page 9 undefined o
n input line 263.


LaTeX Warning: Reference `tab:treatments' on page 9 undefined on input line 270
.

[9] (Tables/table_treatments.tex)

LaTeX Font Warning: Font shape `OT1/cmr/bx/n' in size <13> not available
(Font)              size <12> substituted on input line 290.


LaTeX Warning: Reference `fig:ProtResponse' on page 10 undefined on input line 
292.

[10]

LaTeX Warning: Reference `fig:ProtResponse' on page 11 undefined on input line 
301.

<Graphs/blind_prot_sta.png, id=95, 1003.75pt x 1003.75pt>
File: Graphs/blind_prot_sta.png Graphic file (type png)
<use Graphs/blind_prot_sta.png>
Package pdftex.def Info: Graphs/blind_prot_sta.png  used on input line 311.
(pdftex.def)             Requested size: 217.66211pt x 217.65527pt.
Package hyperref Info: bookmark level for unknown subfigure defaults to 0 on in
put line 312.
<Graphs/ip_response.png, id=96, 1003.75pt x 1003.75pt>
File: Graphs/ip_response.png Graphic file (type png)
<use Graphs/ip_response.png>
Package pdftex.def Info: Graphs/ip_response.png  used on input line 315.
(pdftex.def)             Requested size: 217.66211pt x 217.65527pt.

LaTeX Warning: Reference `tab:nonparIP' on page 11 undefined on input line 327.


[11 <./Graphs/blind_prot_sta.png (PNG copy)> <./Graphs/ip_response.png (PNG cop
y)>]
Overfull \hbox (2.19304pt too wide) in paragraph at lines 344--344
 []|\OT1/cmr/bx/n/12 Posterior| 
 []

(Tables/bigpicture_IP_AU.tex)
<Graphs/hist_belief_error_s3.png, id=108, 1204.5pt x 803.0pt>
File: Graphs/hist_belief_error_s3.png Graphic file (type png)
<use Graphs/hist_belief_error_s3.png>
Package pdftex.def Info: Graphs/hist_belief_error_s3.png  used on input line 37
7.
(pdftex.def)             Requested size: 232.17242pt x 154.77708pt.
<Graphs/updating_s3.png, id=109, 1204.5pt x 803.0pt>
File: Graphs/updating_s3.png Graphic file (type png)
<use Graphs/updating_s3.png>
Package pdftex.def Info: Graphs/updating_s3.png  used on input line 379.
(pdftex.def)             Requested size: 232.17242pt x 154.77708pt.
<Graphs/hist_belief_error_s5.png, id=110, 1204.5pt x 803.0pt>
File: Graphs/hist_belief_error_s5.png Graphic file (type png)
<use Graphs/hist_belief_error_s5.png>
Package pdftex.def Info: Graphs/hist_belief_error_s5.png  used on input line 38
2.
(pdftex.def)             Requested size: 232.17242pt x 154.77708pt.
<Graphs/updating_s5.png, id=111, 1204.5pt x 803.0pt>
File: Graphs/updating_s5.png Graphic file (type png)
<use Graphs/updating_s5.png>
Package pdftex.def Info: Graphs/updating_s5.png  used on input line 384.
(pdftex.def)             Requested size: 232.17242pt x 154.77708pt.
<Graphs/hist_belief_error_s4.png, id=112, 1204.5pt x 803.0pt>
File: Graphs/hist_belief_error_s4.png Graphic file (type png)
<use Graphs/hist_belief_error_s4.png>
Package pdftex.def Info: Graphs/hist_belief_error_s4.png  used on input line 38
7.
(pdftex.def)             Requested size: 232.17242pt x 154.77708pt.
<Graphs/updating_s4.png, id=113, 1204.5pt x 803.0pt>
File: Graphs/updating_s4.png Graphic file (type png)
<use Graphs/updating_s4.png>
Package pdftex.def Info: Graphs/updating_s4.png  used on input line 389.
(pdftex.def)             Requested size: 232.17242pt x 154.77708pt.
 [12]

LaTeX Warning: Reference `fig:BeliefUpdate' on page 13 undefined on input line 
394.

[13 <./Graphs/hist_belief_error_s3.png (PNG copy)> <./Graphs/updating_s3.png (P
NG copy)> <./Graphs/hist_belief_error_s5.png (PNG copy)> <./Graphs/updating_s5.
png (PNG copy)> <./Graphs/hist_belief_error_s4.png (PNG copy)> <./Graphs/updati
ng_s4.png (PNG copy)>]

Package natbib Warning: Citation `phillips_conservatism_1966-1' on page 14 unde
fined on input line 402.


Package natbib Warning: Citation `tversky_belief_1971' on page 14 undefined on 
input line 402.


Package natbib Warning: Citation `kahneman_subjective_1972' on page 14 undefine
d on input line 402.


Package natbib Warning: Citation `grether_bayes_1980' on page 14 undefined on i
nput line 402.


LaTeX Warning: Reference `belief_decomposition' on page 14 undefined on input l
ine 402.


Package natbib Warning: Citation `benjamin_chapter_2019' on page 14 undefined o
n input line 402.


Overfull \hbox (2.19304pt too wide) in paragraph at lines 414--414
 []|\OT1/cmr/bx/n/12 Posterior| 
 []

(Tables/bigpicture_bel_AU.tex)

LaTeX Warning: Reference `tab:nonparError' on page 14 undefined on input line 4
37.

[14]

LaTeX Warning: Reference `eq:rnWTP' on page 15 undefined on input line 472.


LaTeX Warning: Reference `fig:WTPhist' on page 15 undefined on input line 472.

<Graphs/hist_WTP_discr1.png, id=136, 1204.5pt x 803.0pt>
File: Graphs/hist_WTP_discr1.png Graphic file (type png)
<use Graphs/hist_WTP_discr1.png>
Package pdftex.def Info: Graphs/hist_WTP_discr1.png  used on input line 479.
(pdftex.def)             Requested size: 232.17242pt x 154.77708pt.
<Graphs/hist_WTP_discr1fp.png, id=137, 1204.5pt x 803.0pt>
File: Graphs/hist_WTP_discr1fp.png Graphic file (type png)
<use Graphs/hist_WTP_discr1fp.png>
Package pdftex.def Info: Graphs/hist_WTP_discr1fp.png  used on input line 481.
(pdftex.def)             Requested size: 232.17242pt x 154.77708pt.
<Graphs/hist_WTP_discr1fn.png, id=138, 1204.5pt x 803.0pt>
File: Graphs/hist_WTP_discr1fn.png Graphic file (type png)
<use Graphs/hist_WTP_discr1fn.png>
Package pdftex.def Info: Graphs/hist_WTP_discr1fn.png  used on input line 484.
(pdftex.def)             Requested size: 232.17242pt x 154.77708pt.
<Graphs/hist_WTP_discr1fpfn.png, id=139, 1204.5pt x 803.0pt>
File: Graphs/hist_WTP_discr1fpfn.png Graphic file (type png)
<use Graphs/hist_WTP_discr1fpfn.png>
Package pdftex.def Info: Graphs/hist_WTP_discr1fpfn.png  used on input line 486
.
(pdftex.def)             Requested size: 232.17242pt x 154.77708pt.
[15]

LaTeX Warning: Reference `tab:WTP_nonpar' on page 16 undefined on input line 49
1.

(Tables/bigpicture_wtp_det.tex) [16 <./Graphs/hist_WTP_discr1.png (PNG copy)> <
./Graphs/hist_WTP_discr1fp.png (PNG copy)> <./Graphs/hist_WTP_discr1fn.png (PNG
 copy)> <./Graphs/hist_WTP_discr1fpfn.png (PNG copy)>]

LaTeX Warning: Reference `tab:wtp_ols' on page 17 undefined on input line 504.

(Tables/wtpdiff_ols.tex)

LaTeX Warning: Reference `tab:wtp_ols' on page 17 undefined on input line 551.


LaTeX Warning: Reference `thm:riskAverse' on page 17 undefined on input line 55
7.

[17] [18]

LaTeX Warning: Reference `wtp_dem' on page 19 undefined on input line 561.

[19]

LaTeX Warning: Reference `fig:Comparison' on page 20 undefined on input line 59
3.

<Graphs/sensit_comparison.png, id=180, 1003.75pt x 602.25pt>
File: Graphs/sensit_comparison.png Graphic file (type png)
<use Graphs/sensit_comparison.png>
Package pdftex.def Info: Graphs/sensit_comparison.png  used on input line 600.
(pdftex.def)             Requested size: 386.95897pt x 232.1748pt.
[20]

LaTeX Warning: Reference `wtp_het_risk' on page 21 undefined on input line 609.


[21 <./Graphs/sensit_comparison.png (PNG copy)>]

LaTeX Warning: Reference `tobit_het' on page 22 undefined on input line 618.


LaTeX Warning: Reference `updateErrorReg' on page 22 undefined on input line 62
3.

[22] (Tables/table_be_err_AU.tex)

LaTeX Warning: Reference `tab:protectReg' on page 23 undefined on input line 66
5.

[23] (Tables/table_ip_flex_AU.tex) [24] [25]
No file alertsManuscript_AU8_PJM.bbl.
(Tables/table_summary.tex) (Tables/table_be3.tex) (Tables/table_ip5.tex)
(Tables/table_wtpdiff_02.tex) (Tables/wtp_het_risk.tex) [26

] [27] [28] [29]
[30]
Overfull \hbox (14.3382pt too wide) detected at line 822
[] \OT1/cmr/m/n/10.95 = [] []
 []

[31]

Package natbib Warning: There were undefined citations.

[32] (alertsManuscript_AU8_PJM.aux)
 ***********
LaTeX2e <2023-06-01> patch level 1
L3 programming layer <2023-06-30>
 ***********


LaTeX Font Warning: Size substitutions with differences
(Font)              up to 1.0pt have occurred.


LaTeX Warning: There were undefined references.


LaTeX Warning: Label(s) may have changed. Rerun to get cross-references right.


Package rerunfilecheck Warning: File `alertsManuscript_AU8_PJM.out' has changed
.
(rerunfilecheck)                Rerun to get outlines right
(rerunfilecheck)                or use package `bookmark'.

Package rerunfilecheck Info: Checksums for `alertsManuscript_AU8_PJM.out':
(rerunfilecheck)             Before: <no file>
(rerunfilecheck)             After:  B99D53D22B43E4C43EFBF6F618EB9AEB;2894.
 ) 
Here is how much of TeX's memory you used:
 14343 strings out of 475550
 229360 string characters out of 5772343
 1962238 words of memory out of 5000000
 35218 multiletter control sequences out of 15000+600000
 568080 words of font info for 70 fonts, out of 8000000 for 9000
 1141 hyphenation exceptions out of 8191
 86i,15n,117p,1595b,604s stack positions out of 10000i,1000n,20000p,200000b,200000s

pdfTeX warning (dest): name{Hfootnote.17} has been referenced but does not exis
t, replaced by a fixed one


pdfTeX warning (dest): name{Hfootnote.16} has been referenced but does not exis
t, replaced by a fixed one


pdfTeX warning (dest): name{Hfootnote.15} has been referenced but does not exis
t, replaced by a fixed one


pdfTeX warning (dest): name{Hfootnote.14} has been referenced but does not exis
t, replaced by a fixed one


pdfTeX warning (dest): name{Hfootnote.13} has been referenced but does not exis
t, replaced by a fixed one


pdfTeX warning (dest): name{Hfootnote.12} has been referenced but does not exis
t, replaced by a fixed one


pdfTeX warning (dest): name{Hfootnote.11} has been referenced but does not exis
t, replaced by a fixed one


pdfTeX warning (dest): name{Hfootnote.10} has been referenced but does not exis
t, replaced by a fixed one


pdfTeX warning (dest): name{Hfootnote.9} has been referenced but does not exist
, replaced by a fixed one


pdfTeX warning (dest): name{Hfootnote.8} has been referenced but does not exist
, replaced by a fixed one


pdfTeX warning (dest): name{Hfootnote.7} has been referenced but does not exist
, replaced by a fixed one


pdfTeX warning (dest): name{Hfootnote.6} has been referenced but does not exist
, replaced by a fixed one


pdfTeX warning (dest): name{Hfootnote.5} has been referenced but does not exist
, replaced by a fixed one


pdfTeX warning (dest): name{Hfootnote.4} has been referenced but does not exist
, replaced by a fixed one


pdfTeX warning (dest): name{Hfootnote.3} has been referenced but does not exist
, replaced by a fixed one


pdfTeX warning (dest): name{Hfootnote.2} has been referenced but does not exist
, replaced by a fixed one


pdfTeX warning (dest): name{Hfootnote.1} has been referenced but does not exist
, replaced by a fixed one

 <C:\Users\pjmcgee\AppData\Local\MiKTeX\fonts/pk/ljfour/jknappen/ec/dpi600\tcrm
1200.pk><C:/Program Files/MiKTeX/fonts/type1/public/amsfonts/cm/cmbx10.pfb><C:/
Program Files/MiKTeX/fonts/type1/public/amsfonts/cm/cmbx12.pfb><C:/Program File
s/MiKTeX/fonts/type1/public/amsfonts/cm/cmbxti10.pfb><C:/Program Files/MiKTeX/f
onts/type1/public/amsfonts/cm/cmex10.pfb><C:/Program Files/MiKTeX/fonts/type1/p
ublic/amsfonts/cm/cmmi10.pfb><C:/Program Files/MiKTeX/fonts/type1/public/amsfon
ts/cm/cmmi12.pfb><C:/Program Files/MiKTeX/fonts/type1/public/amsfonts/cm/cmmi7.
pfb><C:/Program Files/MiKTeX/fonts/type1/public/amsfonts/cm/cmmi8.pfb><C:/Progr
am Files/MiKTeX/fonts/type1/public/amsfonts/cm/cmr10.pfb><C:/Program Files/MiKT
eX/fonts/type1/public/amsfonts/cm/cmr12.pfb><C:/Program Files/MiKTeX/fonts/type
1/public/amsfonts/cm/cmr17.pfb><C:/Program Files/MiKTeX/fonts/type1/public/amsf
onts/cm/cmr6.pfb><C:/Program Files/MiKTeX/fonts/type1/public/amsfonts/cm/cmr7.p
fb><C:/Program Files/MiKTeX/fonts/type1/public/amsfonts/cm/cmr8.pfb><C:/Program
 Files/MiKTeX/fonts/type1/public/amsfonts/cm/cmsy10.pfb><C:/Program Files/MiKTe
X/fonts/type1/public/amsfonts/cm/cmsy6.pfb><C:/Program Files/MiKTeX/fonts/type1
/public/amsfonts/cm/cmsy7.pfb><C:/Program Files/MiKTeX/fonts/type1/public/amsfo
nts/cm/cmsy8.pfb><C:/Program Files/MiKTeX/fonts/type1/public/amsfonts/cm/cmti10
.pfb><C:/Program Files/MiKTeX/fonts/type1/public/amsfonts/cm/cmti12.pfb>
Output written on alertsManuscript_AU8_PJM.pdf (32 pages, 1144766 bytes).
PDF statistics:
 379 PDF objects out of 1000 (max. 8388607)
 113 named destinations out of 1000 (max. 500000)
 66 words of extra memory for PDF output out of 10000 (max. 10000000)

